3000
2004
1953
1946
1910
1957
2109
2096
2037
2051
2062
2065
2034
2059
2057
2065
2071
2054
2057
2061
2041
2033
2059
2072
2066
2037
2067
2087
1925
1810
1859
1823
1797
1809
1823
1835
1818
1807
1854
1845
1793
1812
1927
1810
1803
1810
1813
1838
1799
1820
1797
1811
1831
1869
1807
1777
1732
1759
1761
1760
1740
1732
1756
1778
1733
1747
1773
1753
1760
1750
1746
1749
1738
1743
1766
1769
1748
1730
1756
1756
1728
1748
1764
1757
1737
1724
1761
1755
1757
1732
1783
1765
1688
1675
1706
1703
1664
1679
1675
1697
1668
1670
1704
1670
1670
1678
1694
1701
1661
1664
1705
1697
1675
1670
1684
1679
3184
1850
3121
1795
1672
1663
1698
1686
1679
1657
1680
3094
3137
1800
1696
2940
3078
1785
1693
1695
1654
1678
1680
1705
1664
1662
1696
1692
1677
1664
1697
1673
1656
1683
1678
1690
1662
1662
1687
1695
1672
1657
1688
1687
1724
1669
1692
1710
1662
1672
1715
1680
1664
1676
1681
1684
1675
1680
3082
1776
1677
1672
1728
1700
1668
1683
1684
1694
1673
1673
1676
1685
1678
1663
1707
1694
1676
1673
1704
1694
1666
1692
1672
1680
1664
1679
1689
1697
1664
1670
1688
1696
1705
1672
1698
1697
1668
1665
1703
1706
1669
2670
3143
2074
1669
1673
1684
1688
1670
1675
1700
1684
3024
2057
2781
2334
1666
1662
1706
1680
1674
1658
1701
1681
3295
1976
1689
1700
1674
1672
1714
1702
1669
1656
1686
1687
1677
1686
1700
1696
1671
1683
1684
1685
1688
1663
1682
1692
1673
1668
1700
1683
1673
1659
1700
1697
1656
1684
1678
1702
1660
1676
1676
1688
1682
1665
1702
1688
1675
1683
1697
1695
1659
1682
1676
1688
3359
2032
1695
1681
1690
1676
1688
1687
1669
1663
1691
1696
1659
1677
1681
1691
1659
1688
1670
1676
1687
1659
2294
2853
1677
1654
1697
1681
1668
1665
1669
1690
1690
2845
3095
1931
1660
1697
1712
1731
1664
1665
1700
1689
1677
1664
1695
1686
1653
1676
1680
1690
1660
1655
3101
1805
1683
1684
1722
1708
1724
1701
1739
1702
1678
1665
1685
1682
1653
1668
1681
1700
1661
1662
1691
1677
1671
1670
1696
1678
1671
1668
1681
1703
1650
1670
1690
1686
1662
1669
1684
1679
1667
1671
1688
1683
1655
1670
1697
1686
1666
1669
1698
1686
1659
1665
1687
1682
3027
2132
1697
1688
1674
1653
1697
1678
3302
1990
1694
1691
1664
1682
1681
1685
1665
1657
1688
1686
1660
2135
3126
2650
1665
1665
1703
1689
1672
1667
1686
1680
1666
1668
1680
1701
1651
1675
1688
1677
1672
1668
1691
1678
1680
1673
1684
1693
1652
1666
1691
1691
1673
1677
1693
1680
1666
1692
1685
1677
1668
1658
1685
1696
1660
1663
1679
1681
1662
1682
3292
1980
1672
1655
1712
1681
1670
1672
1690
1695
1658
1674
1684
1683
1651
1663
1699
1676
1697
1671
1702
1692
1683
1688
1700
1694
1650
1671
1687
1700
1667
1661
1678
1695
2952
2170
1695
1683
1672
1664
1693
1678
1671
1668
1687
1679
1690
1670
1684
2105
2970
1664
1695
1697
1665
1677
1687
1680
1667
1665
1687
1683
1660
1665
3201
1876
1684
1670
1691
1687
1684
1712
1706
1700
1664
1685
1691
1693
1668
1668
1698
2533
2609
1663
1699
1693
1671
1667
1683
1697
1651
1657
1691
1686
1665
1661
1680
1692
1666
1663
1689
1680
1650
1667
1685
1694
1679
1672
1686
1699
1668
1668
1691
1681
1671
1676
1698
1677
1657
1660
1678
3317
1978
1680
1696
1690
1671
1669
1688
3055
2136
1670
1687
1684
1665
1660
1693
1686
1660
1668
1678
1690
1667
1669
1680
1685
1665
1665
1689
1678
1671
1648
1687
1681
1661
1677
1696
1694
1663
1672
1689
1675
1673
1661
1692
1678
2421
2623
1700
1683
1675
1667
1723
2338
2802
1672
1685
1678
1675
1656
1694
1679
1689
1672
3225
1953
1668
1689
1683
1698
1679
1655
1696
1689
1679
1662
1684
1678
1662
1702
1692
1710
1665
1671
1691
1685
1657
1663
1685
1692
1668
1677
1694
1707
1666
1667
1701
1677
1665
1670
3027
1729
1662
1680
1692
1676
1665
1656
1691
1683
1664
1661
1672
1678
1665
1672
1683
1682
1654
1677
1680
1714
1658
1659
1689
1676
1670
1676
1692
1672
1665
1665
1686
1696
1652
3175
2069
1699
1670
1673
1685
1676
1666
1659
1696
1683
1657
1663
1692
2804
2334
1671
1686
1692
1680
1676
1703
1699
1660
1673
1691
1683
1662
1667
1697
1670
1674
1662
1686
1680
1654
1661
1689
1684
1655
1681
1681
1678
1680
1666
1693
1687
1669
1667
1705
1685
1667
1683
1680
1691
1659
1665
1678
1683
1664
1682
1691
1676
1683
1651
1679
1698
1666
1677
1693
1686
1659
1680
1680
1674
1667
1649
1689
1686
1667
1667
1681
1690
1662
1685
1690
1682
1659
1663
2828
2243
1701
1667
1690
1690
1671
1668
1690
1676
1670
1654
1683
1693
1667
1668
1673
1692
1660
1685
1693
1673
1664
1668
1711
1681
1668
1659
1673
1699
1661
1674
1688
1676
1662
1662
1703
1686
1689
1652
1691
1686
1659
1675
1690
1686
1663
1665
1697
1678
1657
1666
1686
1682
1676
1669
1677
1686
1664
1665
1711
1698
1660
1679
1688
1678
1678
1660
3104
2075
1671
1668
1687
1685
1662
1664
1685
1673
1661
1656
1671
1689
1660
1666
1680
1669
1684
1661
1696
1678
1658
1654
1684
1691
1659
1685
1673
1701
1676
1658
1696
1683
1659
1665
1694
1682
1660
1662
1682
1684
1673
1672
1687
1677
1661
1665
1694
1685
1658
1660
1691
1678
1663
1668
1670
1699
1664
1669
1689
1686
1659
1664
1696
1680
1673
1661
1680
1681
1655
1668
1674
1687
1665
1669
1696
1672
1667
1672
1689
1680
1665
1662
1669
1695
1665
1671
1697
1686
1652
1679
1687
2457
2605
1665
1675
1672
1682
1665
1693
1677
1657
1670
1686
1682
1657
1661
1671
1683
1660
1662
1703
1679
1677
1663
1701
1680
1657
1674
1678
1692
1669
1670
1680
1675
1680
1661
1696
1680
1657
1677
1676
1684
1680
1668
1682
1681
1658
1668
1682
3294
1977
1666
1679
1690
3044
2112
1710
1679
1679
1657
1682
1682
1657
1674
1692
1691
1659
1660
1704
1677
1665
1664
1690
1680
1669
1663
1667
1687
1666
1673
1687
1695
1654
1662
1703
1682
1664
1668
1682
1676
1672
1670
1684
1678
1656
1672
1684
1681
1650
1666
3190
1879
3019
1661
1698
1696
1659
1682
1673
1693
1661
1672
1688
1683
1658
1662
1688
1689
1669
1666
1699
1690
1657
1668
1691
1682
1666
1678
1679
1683
1666
1667
1694
1675
1677
1657
1676
1682
1668
2577
2476
1695
1660
1671
1680
1690
1659
2208
2897
1703
1655
1663
1703
1696
3091
1762
1699
1740
1679
1691
1711
1705
1670
1667
1691
1697
1665
1658
1710
1700
1679
1687
1691
1698
1662
1667
1684
1689
1667
1677
1711
1687
1676
1665
1690
1683
1673
1662
1690
1677
1669
1670
1684
1678
1663
1686
1680
1682
1671
1652
1686
1686
2563
2544
1709
1689
3314
1993
1691
1686
1671
1684
1684
1686
1676
1662
1681
1687
1673
1662
1692
1678
1666
1675
1674
1685
1666
1670
1701
1699
1656
1676
1675
1713
1694
1671
1688
1695
1669
1662
1685
1681
1662
1683
1705
1689
1668
1668
2366
2779
1662
1661
1688
1685
1679
1662
1706
1684
1663
1679
1690
1688
1652
1668
1677
1679
1671
1658
1686
1687
3222
1884
1695
1693
1674
1668
1687
1692
1674
1666
1685
1696
1657
1658
1697
1690
1677
1657
1691
1689
1670
1670
1691
1707
1660
1669
2939
2217
1659
1671
1700
1695
1678
1664
1699
1690
1672
1670
1681
1688
1667
1670
1676
1692
1666
1659
1682
1679
1658
1674
1689
1676
1675
1663
1674
1694
1660
1674
1687
1680
1658
3212
1877
1682
1706
1692
1709
1681
1663
1669
1701
1698
1661
1675
1675
3147
2146
1683
1689
1697
1688
1656
1700
1683
1669
1673
1686
1708
1676
1660
1701
1700
1668
1667
1683
1684
1656
1661
1686
1710
1681
1666
1707
1667
1666
1662
1679
1688
1656
1662
1689
1684
1668
1666
1692
1671
1683
1669
1697
1683
1655
1670
3236
1925
3008
1664
1688
1689
1669
1667
1679
1682
1671
1662
1683
1675
1661
1672
1687
1683
1665
1667
1686
1694
1676
1657
1688
1679
1679
1664
1692
1682
1658
1668
1677
1682
1672
1664
1679
1676
1674
1663
1694
1682
1660
1677
1678
1682
1689
1951
3194
1877
1668
1680
1688
1702
1660
1669
1690
1692
1666
1657
1693
1669
1682
1671
1680
1693
3297
1983
1679
1688
1678
1671
1694
1684
1664
1665
1685
1693
1665
1667
1693
1684
1666
1666
1685
1686
1653
1672
1689
1681
1671
1660
1691
1684
1665
1660
1694
1695
1651
3104
2125
1698
1664
1688
1692
1688
1664
1686
1709
1689
1677
1656
1689
1677
1658
3075
1735
1694
1660
1688
1698
1700
1679
1668
1677
1684
1672
1672
1693
1683
1661
1669
1698
1684
1666
1660
1680
1682
1675
1669
1683
1670
1682
1662
1687
1676
1664
1666
3048
2141
1662
1674
1680
1696
1653
1663
1682
1676
1675
1659
1684
1690
1670
1664
1679
1673
3203
1859
1688
1697
1683
1665
1692
1714
1682
1696
1690
1689
1677
1659
1687
1690
1665
1677
1675
1685
1652
1681
1681
1687
1675
1651
1693
1675
1666
1662
1695
1676
1662
1685
1693
1687
1665
1654
1685
1678
1667
1662
1699
1685
1667
1664
1698
1686
1664
1666
1677
1704
1664
1664
1688
1687
1665
1662
1695
3290
1968
1662
1683
1699
1666
1677
1689
1687
1660
1669
1681
1678
1666
1672
1681
1681
1679
1669
1678
1677
1668
1668
1690
1690
1653
1669
1685
1687
1677
1659
1690
1687
1667
1664
1687
1694
1654
1691
1680
1680
1664
1652
1691
1684
1671
1701
1690
1697
1653
1673
1679
1690
1658
1658
1679
1679
1690
1662
1690
1684
1679
1667
1691
1679
1656
1668
1683
1683
1668
1672
1678
1697
1669
1667
1698
1682
1663
1669
1688
1687
1667
1668
1670
1702
1663
1662
1692
1666
1671
1669
1682
1686
1675
1657
1686
1695
1667
1667
1696
1682
1662
1668
1689
1678
1667
1671
1696
1682
1666
1653
1688
1687
1655
1690
1674
1678
1670
1666
1679
1683
1675
1663
1700
1672
1664
1682
1675
1696
1665
1672
1685
1686
1663
3025
2071
1677
1671
1660
1680
1675
1666
1665
1681
1674
1658
1668
1697
1690
1662
1675
1671
1679
1673
1660
1700
1679
1672
1661
1684
1678
1655
1676
1685
1687
1669
1668
1681
1682
1677
1665
1693
1680
1661
1677
1684
1679
1663
1667
1673
1690
1663
1657
1694
1673
1668
1683
1682
1678
1675
1652
1684
1691
1663
1671
1680
1679
1656
1654
1695
1676
1681
1657
1693
1673
1648
1674
1688
1688
1658
1709
1674
1680
1679
1660
1692
1679
1666
1669
2619
2465
1674
1668
1670
1691
1659
1667
1691
1677
1656
1659
1676
1679
1670
1659
1686
1675
1675
1685
1692
1675
1671
1680
1676
1692
1652
1676
1686
1675
1674
1665
1687
1677
1664
1676
1676
1699
1662
1668
1685
1672
1671
1667
1686
1681
1685
1663
1688
1686
1667
1665
1681
1692
1659
1660
1692
1684
1666
1675
1674
1681
1676
1656
1703
1686
1672
1659
1678
1687
1659
1666
1682
1668
1665
1657
1703
1676
1666
1671
1683
1693
1665
1671
1681
1691
1663
1658
1687
1673
1659
1669
1691
1679
1673
1675
1692
1698
1659
1666
1679
1671
1656
1671
2439
2616
1672
1659
1694
1679
1666
1658
1684
1677
1670
1660
1676
1687
1649
1663
1687
1675
1673
1659
1684
1687
1670
1664
1679
1700
1650
1666
1692
1689
1665
1658
1690
1677
1675
1676
1691
1688
1661
1666
1691
1681
1658
1666
1681
1691
1661
1662
1682
1685
1668
1669
1731
1676
1674
1677
1686
1684
1666
1675
1670
1696
1661
1659
1700
1667
1673
1676
1684
1677
1668
1658
1684
1690
1659
1665
1687
1683
1670
1664
1682
1681
1681
1668
1690
1684
1874
1862
1786
1790
1804
1757
1743
1768
1789
4529
8660
7576
6352
5102
3879
2622
1776
1756
1734
1812
1754
1757
1735
1764
1776
1736
1756
1751
1758
1747
1754
1768
1768
1749
1737
1755
1769
1761
1735
1767
1759
1741
1735
2278
3092
1827
1766
1799
1793
1772
1776
1780
1772
1741
1750
1772
1758
1769
1745
2780
2432
1747
1753
1777
1769
1748
1761
1763
1766
1754
1737
1775
1767
1751
1741
1781
1750
1745
1757
1766
1794
1755
1755
1774
1778
1752
1755
1772
1768
1752
1753
1754
1777
1760
1742
1780
1777
1752
1753
1778
1762
1759
1747
1761
1775
1747
1753
1782
1774
1745
1751
1774
1766
1742
1752
1782
1764
1767
1745
1787
1770
1760
1746
1789
1762
1746
1752
1774
1772
1765
1757
1758
2689
2508
1747
1791
1760
1753
1751
1780
1753
1754
1758
1770
1779
1742
1764
1765
1770
1750
1759
1762
1758
1768
1746
1773
1772
1751
1749
1781
1761
1741
1762
1756
1766
1756
1747
1782
1775
1745
1757
1769
1768
1743
1756
1744
1765
1757
1747
1775
1775
1755
1739
1788
1758
1748
1751
1751
1772
1747
1759
1761
1779
1746
1748
1762
1771
1745
1761
1786
1763
1763
1747
1776
1764
1753
1749
1767
1765
1741
1763
1753
1766
1758
1754
1761
2178
3072
1815
1783
1781
1752
1763
1771
1778
1741
1759
1757
1778
1753
1764
1774
1759
1756
1752
1784
1761
1760
1748
1763
1778
1752
1750
1786
1759
1749
1749
1771
1765
1759
1757
1756
1780
1735
1757
1770
1770
1745
1763
1774
1753
1766
1741
1771
1769
1755
1747
1765
1761
1755
1766
1763
1772
1760
1738
1765
1778
1750
1744
1779
1764
1743
1757
1773
1763
1757
1749
1767
1770
1760
1743
1772
1787
1747
1758
1765
2590
2613
1751
1781
1778
1752
1753
1767
1760
1750
1750
1762
1770
1747
1746
1778
1770
1741
1756
1759
1768
1751
1747
1767
1766
1751
1743
1779
1755
1756
1756
1764
1764
1753
1754
1748
1787
1742
1752
1771
1760
1748
1748
1781
1757
1764
1742
1763
1775
1753
1749
1784
1771
1742
1770
1756
1756
1756
1747
1768
1775
1749
1743
1779
1803
1753
1751
1790
1765
1757
1764
1769
1764
1756
1755
1759
1777
1749
1746
1771
1778
1743
1775
1763
1851
3617
3169
1959
1781
1751
1745
1775
1760
1749
1761
1763
1768
1753
1764
1754
1790
1745
1743
1799
1762
1757
1737
1779
1777
1749
1739
1767
1764
1734
1753
1761
1768
1762
1766
1760
1775
1763
1746
1763
1788
1791
1769
1806
1801
1773
1765
1817
1857
1775
1759
1822
1794
1767
1755
1802
1779
1766
1781
1866
1805
1782
1746
1782
1779
1765
1752
1782
1760
1741
1748
1769
1771
1755
1757
1757
1777
1735
2237
2965
1763
1756
1759
1763
1767
1756
1766
1759
1780
1742
1754
1765
1763
1745
1749
1786
1772
1750
1752
1783
1764
1757
1760
1785
1763
1758
1741
1763
1769
1749
1760
1792
1767
1745
1753
1758
1786
1739
1774
1790
1760
1756
1752
1794
1773
1759
1758
1774
1783
1757
1742
1784
1761
1742
1764
1760
1770
1745
1761
1777
1764
1753
1763
1763
1775
1751
1744
1787
1772
1760
1754
1777
1766
1759
1741
1765
1762
1738
1751
1771
1782
1759
2589
2609
1765
1750
1762
1769
1774
1751
1755
1771
1767
1761
1756
1766
1775
1739
1746
1759
1767
1747
1749
1770
1790
1745
1744
1787
1760
1754
1754
1769
1758
1757
1779
1759
1772
1740
1766
1757
1764
1748
1769
1764
1787
1756
1740
1795
1773
1754
1760
1779
1763
1755
1753
1769
1774
1746
1749
1765
1759
1759
1769
1758
1783
1743
1753
1761
1763
1750
1771
1783
1765
1766
1750
1796
1771
1750
1741
1770
1764
1743
1750
1762
3192
2323
1744
1785
1775
1751
1753
1783
1759
1749
1748
1780
1758
1744
1773
1762
1765
1766
1748
1764
1775
1752
1753
1771
1768
1767
1748
1777
1759
1759
1745
1766
1766
1751
1750
1776
1768
1748
1763
1763
1759
1738
1750
1771
1782
1743
1746
1773
1759
1764
1744
1777
1763
1756
1736
1766
1776
1744
1767
1761
1769
1749
1744
1771
1787
1749
1746
1776
1778
1751
1744
3123
2236
1753
1764
1761
1764
1735
1757
1780
1768
1746
1745
1781
1752
1767
1752
1772
1778
1750
1746
1763
1764
1751
1762
1771
1769
1762
1745
1760
1771
1742
1763
1761
1766
1744
1744
1771
1774
1756
1739
1783
1756
1778
1750
1767
1775
1752
1760
1759
1776
1739
1763
1768
1768
1774
1750
1791
1767
1763
1761
1782
1769
1762
1754
1765
1768
1745
1768
1760
1774
1754
1746
1764
1782
1753
1754
1785
1769
1736
1762
1781
1777
2963
2336
1769
1775
1750
1756
1773
1769
1751
1780
1751
1766
1743
1747
1776
1770
1754
1746
1781
1765
1766
1742
1769
1768
1738
1759
1771
1772
1744
1758
1774
1753
1746
1746
1770
1778
1766
1754
1766
1767
1767
1750
1773
1770
1749
1736
1761
1766
1749
1751
1760
1769
1753
1740
1765
1770
1741
1759
1771
1769
1751
1746
1778
1776
1762
1759
1775
1754
1751
1751
1780
1769
1740
1768
1759
1792
1745
1758
1783
1770
1758
1760
1764
1756
1756
1742
1768
1772
1752
1749
1769
1782
1750
1744
1780
1753
1751
1751
1760
1778
1740
1748
1751
1768
1750
1758
1767
1766
1763
1740
1775
1774
1754
1742
1773
1759
1740
1763
1757
1773
1760
1761
1772
1754
1742
1758
1771
1759
1770
1743
1762
1772
1750
1749
1776
1769
1747
1737
1769
1783
1749
1756
1766
1766
1742
1758
1758
1773
1763
1748
1775
1779
1745
1744
1794
1766
1755
1754
1788
1754
1750
1748
1756
1775
1779
1772
1783
1787
1783
1766
1800
1792
1760
1764
1797
1786
1762
1772
1789
1797
1758
1768
1777
1783
1743
1758
1784
1768
1750
1758
1767
1775
1755
1764
1778
1774
1751
1745
1778
1756
1750
1749
1776
1769
1756
1751
1763
1775
1740
1756
1773
1765
1745
1758
1769
1775
1749
1742
1783
1758
1752
1756
1774
1771
1763
1744
1771
1778
1746
1746
1764
1760
1758
1742
1755
1772
1748
1747
1768
1771
1736
1763
1767
1767
1753
1751
1772
1773
1759
1745
1773
1771
1774
1742
1767
1782
1749
1754
1765
1771
1733
1756
1760
1772
1756
1756
1765
1752
1749
1741
1775
1760
1750
1753
1769
1773
1752
1748
1770
1763
1742
1766
1762
1769
1763
1753
1762
1768
1744
1741
1768
1764
1768
1749
1767
1764
1754
1743
1777
1763
1745
1744
1789
1765
1741
1756
1770
1782
1745
1766
1751
1769
1760
1744
1774
1765
1759
1744
1785
1759
1750
1757
1762
1786
1735
1760
1772
1781
1750
1753
1761
1764
1761
1746
1777
1771
1749
1747
1777
1763
1748
1761
1769
1759
1782
1744
1757
1776
1752
1749
1761
1779
1752
1766
1765
1764
1755
1746
1776
1759
1747
1745
1784
1760
1754
1759
1756
1767
1755
1760
1762
1790
1744
1759
1767
1765
1753
1745
1789
1761
1751
1749
1782
1765
1749
1754
1765
1759
1748
1763
1765
1772
1751
1751
1761
1762
1754
1756
1766
1768
1746
1746
1776
1773
1766
1753
1786
1772
1758
1741
1766
1765
1741
1755
1757
1770
1746
1754
1759
1768
1743
1747
1782
1757
1760
1743
1775
1757
1754
1748
1768
1773
1744
1749
1769
1768
1748
1755
1758
1763
1754
1760
1755
1777
1742
1748
1790
1771
1751
1754
1772
1757
1758
1744
1763
1766
1757
1776
1754
1776
1752
1757
3720
2510
1755
1743
1785
1793
1757
1750
1781
1753
1751
1742
1775
1774
1750
1757
1767
1767
1744
1763
1765
1766
1754
1748
1756
1781
1744
1756
1788
1773
1758
1753
1776
1762
1782
1742
1780
1767
1746
1753
1762
1772
3545
2295
1779
1779
1759
1759
1759
1772
1744
1748
1791
1763
1762
1755
1772
1756
1757
1751
1758
1773
1748
1747
1761
1768
1749
1754
1762
1780
1744
1741
1761
1765
1748
1757
1774
1765
1755
1755
3727
2507
1758
1758
1772
1753
1745
1781
1755
1795
1740
1750
1763
1774
1746
1774
1765
1760
1764
1747
1783
1768
1750
1761
1778
1783
1746
1759
1768
1773
1755
1750
1764
1762
1759
1752
1764
1774
1752
1743
1755
3536
2292
1748
1784
1760
1766
1757
1778
1771
1750
1738
1748
1767
1766
1758
1759
1770
1758
1751
1755
1773
1747
1739
1789
1760
1752
1759
1791
1793
1788
1756
1764
1772
1769
1768
1771
1771
1753
1766
1758
1764
1755
3548
2304
1754
1751
1750
1777
1768
1750
1767
1763
1785
1785
1762
1783
1784
1752
1764
1773
1758
1746
1755
1764
1772
1752
1763
1772
1762
1757
1757
1769
1761
1768
1735
1766
1776
1752
1751
1781
1765
1746
1767
3526
2296
1748
1747
1766
1769
1749
1766
1766
1778
1737
1758
1765
1771
1767
1744
1834
1787
1766
1760
1813
1781
1762
1760
1794
1783
1776
1765
1800
1807
1768
1752
1845
1794
1760
1750
1791
1761
3671
2451
1767
1773
1754
1760
1776
1787
1764
1752
1762
1786
1750
1754
1775
1766
1751
1752
1786
1764
1750
1754
1783
1757
1752
1745
1763
1810
1761
1751
1777
1790
1740
1758
1776
1772
1747
1772
1767
2323
2767
1769
1792
1763
1760
1738
1770
1781
1751
1753
1776
1765
1739
1764
1760
1766
1746
1757
1764
1755
1737
1752
1795
1763
1785
1754
1776
1787
1753
1750
1770
1761
1754
1744
1758
1771
1750
1753
1768
1769
1938
3313
2083
1772
1766
1755
1755
1764
1756
1744
1784
1782
1760
1744
1776
1771
1759
1751
1762
1769
1734
1750
1766
1768
1768
1752
1767
1772
1753
1745
1783
1765
1746
1746
1758
1766
1752
1753
3362
2299
1763
1751
1777
1766
1742
1751
1751
1783
1739
1754
1772
1777
1749
1740
1786
1767
1763
1752
1782
1759
1766
1749
1774
1777
1746
1767
1757
1760
1746
1749
1765
1775
1749
1756
1745
1767
1750
1761
1774
1765
2302
2955
1770
1761
1789
1749
1775
1769
1758
1752
1755
1776
1744
1755
1754
1777
1744
1757
1778
1776
1746
1738
1786
1761
1759
1767
1790
1759
1736
1754
1759
1798
1754
1751
1810
1775
1768
1760
1767
1758
1764
1747
1764
1760
1757
1749
1774
1765
1750
1738
1767
1782
1761
1752
1777
1768
1751
1747
1760
1782
1742
1755
1771
1758
1742
1753
1775
1770
1766
1745
1783
1768
1742
1752
1756
1777
1745
1764
1762
1785
1745
1767
1780
1757
1753
1746
1783
1762
1757
1751
1772
1778
1743
1761
1778
1765
1763
1754
1761
1773
1748
1749
1779
1764
1736
1786
1756
1764
1767
1752
1787
1768
1750
1745
1776
1764
1774
1743
1775
1768
1742
1758
1774
1777
1751
1756
1776
1772
1746
1742
1781
1767
1756
1756
1772
1762
1750
1751
1771
1776
1751
1749
1777
1766
1756
1754
1764
1767
1745
1746
1750
1766
1741
1745
1766
1768
1749
1756
1779
1761
1764
1756
1761
1749
1743
1747
1757
1770
1744
1763
1751
1780
1759
1747
1771
1771
1753
1737
1773
1774
1754
1748
1766
1773
1751
1750
1768
1774
1745
1762
1767
1759
1748
1751
1763
1771
1744
1757
1761
1783
1763
1752
1767
1786
1754
1742
1793
1760
1745
1751
1760
1766
1736
1758
1780
1771
1750
1760
1756
1758
1763
1753
1782
1771
1755
1742
1772
1757
1744
1739
1763
1781
1756
1749
1755
1773
1751
1763
1757
1768
1756
1738
1780
1786
1761
1746
1784
1762
1758
1761
1759
1765
1750
1753
1765
1760
1750
1762
1764
1770
1746
1738
1751
1779
1764
1752
1788
1764
1754
1745
1770
1759
1763
1741
1779
1766
1740
1775
1760
1775
1751
1762
1761
1765
1753
1759
1783
1757
1756
1741
1771
1768
1751
1747
1777
1762
1743
1757
1751
1763
1757
1757
1759
1781
1749
1744
1759
1755
1746
1759
1769
1761
1763
1747
1766
1760
1754
1744
1767
1765
1751
1742
1758
1791
1744
1755
1770
1779
1739
1756
1798
1768
1756
1750
1770
1754
1798
1751
1805
1784
1775
1757
1801
1805
1767
1751
1812
1779
1780
1753
1842
1778
1799
1767
1795
1779
1756
1753
1775
2034
2271
1766
1759
1780
1771
1743
1758
1787
1755
1762
1755
1768
1751
1754
1743
1776
1763
1765
1752
1771
1740
1755
1745
1766
1758
1762
1751
1769
1753
1734
1752
1766
1759
1741
1757
1764
1735
1773
1750
1772
1742
1746
1745
1762
1750
1756
1762
1788
1753
1753
1760
1762
1761
1748
1751
1778
1748
1772
1760
1777
1752
1781
1758
1770
1753
1753
1740
1783
1754
1777
1755
1786
1749
1753
1757
1780
1759
1768
1760
1780
1777
1761
1757
1777
1756
1766
1799
1794
1744
1761
1749
1775
1748
1778
1743
1778
1743
1744
1752
1778
1776
1747
1772
1779
1747
1745
1767
1770
1751
1753
1746
1777
1753
1753
1758
1773
1740
1757
1756
1778
1740
1755
1762
1767
1743
1757
1771
1764
1766
1757
1767
1760
1752
1746
1742
1772
1766
1758
1739
1786
1767
1752
1764
1770
1748
1749
1748
1771
1745
1753
1757
1773
1756
1753
1752
1764
1746
1749
1762
1766
1742
1766
1740
1774
1756
1764
1744
1769
1748
1750
1769
1760
1760
1748
1745
1767
1756
1744
1757
1777
1744
1751
1750
1771
1757
1758
1749
1777
1748
1740
1758
1781
1765
1746
1759
1771
1744
1752
1754
1762
1761
1756
1752
1772
1739
1755
1746
1769
1741
1761
1747
1767
1758
1752
1759
1760
1762
1747
1749
1771
1744
1738
1757
1785
1741
1765
1748
1774
1745
1757
1743
1766
1744
1741
1772
1761
1756
1764
1754
1776
1742
1751
1746
1775
1739
1749
1751
1763
1756
1766
1757
1777
1742
1760
1741
1765
1750
1749
1747
1761
1756
1744
1783
1763
1750
1765
1745
1779
1747
1744
1744
1789
1760
1769
1744
1760
1756
1754
1757
1777
1751
1739
1746
1761
1760
1750
1765
1792
1739
1762
1748
1759
1743
1782
1754
1777
1743
1755
1743
1768
1750
1760
1759
1765
1754
1755
1750
1763
1758
1749
1752
1776
1735
1747
1753
1783
1744
1765
1747
1768
1743
1745
1761
1769
1752
1742
1770
1763
1748
1774
1747
1768
1751
1750
1744
1780
1745
1752
1761
1767
1753
1755
1734
1783
1754
1751
1762
1779
1750
1734
1765
1770
1756
1754
1751
1773
1735
1781
1751
1774
1747
1755
1742
1761
1744
1756
1754
1765
1770
1759
1743
1777
1761
1750
1755
1766
1749
1733
1746
1777
1749
1765
1751
1777
1745
1782
1771
1768
1750
1769
1757
1774
1751
1748
1759
1760
1756
1745
1766
1775
1752
1773
1752
1778
1742
1756
1757
1788
1737
1756
1752
1770
1759
1764
1754
1765
1748
1752
1756
1766
1749
1749
1788
1753
1747
1756
1749
1769
1746
1760
1737
1775
1747
1754
1740
1766
1746
1742
1753
1764
1763
1746
1756
1763
1757
1738
1753
1775
1742
1770
1740
1775
1749
1754
1756
1778
1749
1745
1763
1753
1759
1767
1754
1772
1767
1756
1753
1765
1758
1744
1754
1766
1754
1754
1738
1776
1749
1768
1746
1770
1739
1734
1760
1765
1754
1750
1755
1769
1759
1745
1752
1773
1739
1755
1754
1776
1742
1756
1741
1766
1747
1760
1752
1760
1748
1764
1754
1767
1756
1756
1750
1762
1760
1743
1750
1768
1753
1749
1740
1784
1733
1753
1751
1779
1741
1750
1753
1758
1755
1745
1769
1776
1745
1763
1739
1759
1749
1756
1743
1769
1749
1756
1744
1766
1742
1757
1753
1773
2038
3336
2108
1771
1748
1775
1748
1777
1751
1750
1766
1768
1765
1744
1738
1769
1747
1764
1756
1783
1749
1749
1744
1774
1737
1745
1764
1760
1767
1750
1764
1762
1759
1762
1770
1794
1763
1754
1749
1784
1747
2317
2954
1786
1756
1780
1780
1772
1773
1761
1756
1778
1761
1753
1755
1781
1774
1748
1758
1772
1754
1742
1735
1779
1748
1759
1743
1777
1741
1741
1764
1774
1750
1753
1755
1763
1739
1750
1760
1766
1759
3009
2258
1768
1778
1751
1755
1765
1757
1744
1759
1764
1749
1755
1751
1777
1740
1789
1779
1763
1753
1741
1749
1771
1753
1742
1759
1784
1744
1771
1741
1771
1753
1749
1746
1786
1745
1741
1769
1795
1744
1764
1747
2530
2763
1750
1752
1775
1753
1739
1749
1774
1758
1746
1767
1769
1747
1763
1743
1772
1753
1756
1747
1775
1746
1759
1755
1768
1747
1754
1743
1768
1762
1752
1759
1794
1744
1749
1759
1753
1755
1746
1763
1783
1752
2301
2934
1770
1757
1760
1769
1770
1749
1751
1757
1767
1759
1761
1740
1772
1741
1747
1747
1790
1757
1746
1742
1774
1759
1745
1766
1762
1745
1743
1730
1773
1741
1755
1756
1782
1781
1758
1750
1763
1769
1741
2720
2547
1755
1754
1770
1768
1754
1739
1757
1768
1779
1752
1757
1767
1752
1779
1836
1828
1759
1768
1759
1772
1750
1746
1747
1754
1757
1747
1763
1763
1746
1766
1736
1773
1756
1767
1739
1794
1743
1745
1744
3544
2317
1746
1747
1756
1750
1767
1761
1767
1752
1746
1750
1780
1746
1743
1767
1769
1745
1759
1747
1771
1742
1758
1752
1783
1742
1749
1757
1761
1770
1759
1755
1760
1749
1746
1747
1776
1755
1750
1743
1785
1747
3539
2300
1771
1743
1751
1756
1778
1741
1755
1756
1761
1742
1761
1752
1765
1753
1751
1763
1769
1753
1751
1741
1770
1751
1763
1741
1779
1749
1757
1748
1768
1763
1730
1736
1770
1757
1745
1772
1770
1740
1754
1771
1791
1749
3396
2290
1775
1749
1767
1747
1770
1749
1743
1742
1790
1743
1760
1762
1767
1753
1757
1759
1762
1747
1741
1758
1773
1740
1756
1753
1777
1741
1773
1754
1768
1735
1766
1749
1767
1747
1745
1761
1759
1752
3530
2282
1771
1746
1768
1762
1766
1746
1777
1747
1767
1752
1750
1744
1774
1742
1762
1758
1759
1753
1747
1757
1776
1753
1739
1759
1762
1748
1756
1756
1777
1758
1758
1745
1782
1746
1755
1747
2401
2908
1744
1759
1778
1754
1743
1743
1767
1759
1752
1751
1778
1748
1747
1761
1771
1741
1772
1745
1772
1732
1751
1756
1765
1753
1756
1758
1754
1763
1745
1750
1775
1747
1746
1760
1767
1742
1778
1745
1778
1748
1745
1749
1765
1752
1747
1754
1767
1744
1752
1762
1767
1751
1743
1763
1761
1753
1748
1760
1782
1745
1763
1746
1765
1751
1757
1743
1773
1744
1738
1761
1764
1753
1756
1754
1767
1758
1743
1749
1780
1759
1746
1765
1776
1741
1770
1754
1781
1750
1751
1750
1759
1732
1741
1758
1774
1757
1762
1753
1772
1753
1741
1771
1757
1742
1766
1751
1769
1764
1764
1744
1784
1742
1746
1746
1764
1755
1737
1769
1770
1758
1748
1771
1765
1753
1750
1744
1771
1733
1756
1750
1768
1747
1768
1749
1761
1754
1745
1750
1771
1753
1741
1754
1767
1756
1798
1765
1777
1767
1743
1769
1772
1764
1744
1762
1788
1767
1761
1764
1779
1754
1775
1777
1766
1751
1740
1762
1774
1748
1769
1749
1770
1744
1762
1748
1771
1742
1739
1752
1759
1773
1758
1749
1767
1760
1751
1746
1774
1738
1737
1762
1772
1747
1759
1750
1774
1747
1751
1744
1769
1732
1748
1751
1768
1758
1757
1759
1765
1747
1745
1767
1764
1739
1757
1737
1769
1759
1764
1746
1769
1743
1758
1739
1758
1760
1745
1750
1776
1753
1739
1760
1766
1755
1756
1755
1768
1740
1749
1758
1774
1739
1768
1744
1780
1740
1748
1766
1772
1748
1751
1770
1756
1760
1764
1758
1763
1741
1759
1733
1777
1741
1760
1772
1804
1761
1757
1751
1771
1753
1738
1770
1764
1741
1746
1760
1771
1750
1764
1745
1771
1741
1757
1746
1766
1751
1748
1739
1775
1760
1764
1767
1817
1773
1771
1752
1774
1765
1751
1775
1775
1762
1766
1753
1780
1765
1778
1756
1792
1750
1751
1755
1777
1758
1769
1766
1776
1750
1774
1763
1776
1760
1774
1751
1778
1770
1748
1761
1776
1757
1761
1766
1784
1753
1771
1749
1800
1759
1768
1759
1768
1758
1764
1778
1771
1760
1761
1759
1764
1760
1771
1758
1776
1769
1772
1745
1780
1758
1758
1779
1778
1762
1775
1744
1775
1767
1758
1779
1785
1755
1746
1766
1780
1775
1767
1765
1785
1759
1751
1764
1781
1751
1763
1757
1793
1753
1775
1759
1773
1755
1776
1763
1770
1755
1756
1751
1788
1764
1757
1769
1766
1750
1773
1754
1790
1755
1753
1777
1779
1749
1768
1773
1776
1766
1782
1756
1791
1775
1752
1754
1771
1770
1751
1754
1797
1755
1765
1751
1784
1753
1769
1764
1787
1755
1755
1782
1763
1763
1751
1777
1774
1779
1766
1763
1789
1753
1756
1752
1786
1756
1760
1752
1795
1753
1760
1777
1783
1754
1771
1759
1772
1759
1758
1766
1777
1757
1760
1774
1775
1757
1765
1776
1768
1763
1766
1749
1780
1759
1767
1771
1777
1754
1780
1746
1775
1759
1766
1794
1781
1763
1757
1753
1793
1763
1758
1780
1775
1761
1752
1761
1775
1766
1753
1768
1771
1756
1771
1762
1782
1759
1766
1748
1805
1747
1761
1759
1777
1766
1760
1763
1769
1754
1750
1774
1775
1759
1770
1759
1772
1765
1767
1783
1776
1752
1766
1744
1777
1771
1764
1755
1788
1752
1763
1766
1769
1761
1759
1764
1774
1763
1766
1775
1782
1754
1766
1761
1782
1762
1761
1756
1789
1766
1768
1763
1776
1760
1755
1762
1770
1752
1758
1767
1773
1754
1765
1779
1776
1761
1790
1763
1777
1756
1757
1780
1786
1754
1780
1752
1773
1781
1762
1763
1770
1768
1762
1756
1769
1785
1761
1764
1779
1754
1779
1751
1791
1767
1757
1757
1796
1755
1752
1765
1780
1756
1771
1759
1774
1757
1750
1761
1777
1757
1757
1777
1776
1762
1768
1765
1791
1747
1757
1763
1790
1744
1765
1761
1774
1759
1775
1774
1766
1756
1781
1756
1770
1770
1761
1757
1779
1752
1766
1767
1772
1766
1763
1748
1783
1763
1757
1762
1776
1774
1756
1769
1792
1795
1793
1771
1793
1776
1758
1781
1781
1778
1775
1769
1778
1779
1767
1761
1797
1765
1756
1767
1772
1781
1761
1753
1781
1761
1755
1764
1779
1752
1765
1755
1777
1759
1754
1753
1785
1773
1765
1757
1775
1760
1755
1757
1780
1763
1761
1766
1771
1758
1756
1758
1776
1763
1754
1768
1778
1745
1769
1759
1781
1758
1766
1760
1791
1762
1778
1750
1760
1766
1760
1755
1770
1752
1755
1764
1774
1761
1776
1760
1775
1758
1748
1759
1779
1757
1766
1756
1777
1743
1756
1751
1798
1753
1772
1757
1772
1763
1750
1764
1786
1758
1752
1771
1764
1757
1755
1760
1810
1753
1762
1754
1785
1755
1754
1752
1790
1756
1754
1765
1774
1763
1770
1758
1776
1751
1747
1756
1771
1771
1760
1762
1776
1758
1752
1758
1774
1766
1766
1755
1780
1744
1759
1765
1772
1761
1753
1760
1781
1756
1750
1764
1775
1759
1775
1752
1776
1753
1761
1766
1773
1764
1774
1750
1768
1779
1773
1751
1787
1752
1775
1757
1783
1748
1759
1757
1771
1754
1742
1749
1786
1756
1762
1759
1772
1758
1753
1756
1769
1759
1755
1754
1776
1757
1764
1752
1782
1763
1761
1748
1779
1746
1750
1748
1775
1763
1750
1764
1761
1766
1756
1750
1774
1762
1753
1754
1804
1750
1757
1782
1780
1753
1754
1747
1779
1776
1776
1757
1782
1752
1763
1747
1770
1764
1749
1759
1779
1763
1744
1785
1791
1767
1780
1774
1793
1773
1758
1774
1786
1755
1761
1756
1798
1760
1760
1762
1777
1751
1759
1751
1777
1749
1763
1758
1767
1765
1752
1773
1778
1758
1760
1767
1778
1760
1761
1748
1787
1754
1760
1760
1781
1751
1755
1758
1764
1762
1750
1759
1773
1765
1760
1754
1774
1759
1751
1761
1778
1752
1765
1766
1792
1760
1767
1752
1783
1750
1749
1758
1784
1757
1750
1764
1772
1761
1752
1766
1778
1757
1759
1750
1778
1746
1759
1752
1778
1754
1762
1758
1766
1750
1759
1759
1775
1753
1762
1756
1772
1760
1759
1760
1781
1755
1749
1775
1770
1756
1761
1750
1801
1754
1759
1752
1781
1749
1754
1760
1789
1790
1752
1758
1777
1768
1755
1762
1771
1758
1751
1763
1783
1750
1765
1759
1775
1767
1759
1766
2015
5976
8344
10809
10300
8698
7052
5388
3776
2125
1357
1331
1347
1328
1377
1321
1358
1344
1362
1327
1351
1345
1352
1369
1329
1347
1382
1327
1335
1340
1359
1326
1333
1350
1361
1326
1333
1332
1355
1340
1336
1343
1338
1340
1335
1335
1352
1332
1337
1335
1364
1335
1341
1334
1359
1334
1334
1343
1342
1322
1354
1323
1358
1338
1327
1353
1346
1344
1326
1345
1358
1328
1341
1334
1349
1336
1345
1324
1369
1326
1342
1342
1357
1321
1340
1347
1335
1322
1338
1343
1352
1333
1346
1343
1334
1339
1321
1331
1343
1332
3134
1483
1362
1326
1333
3116
1468
1330
1331
1339
1357
1324
1341
1324
1337
1329
1332
1334
1357
1335
1334
1326
1354
1351
1320
1338
1346
1330
1317
1346
1340
1333
1352
1329
1357
1321
1344
1325
1348
1327
1339
1329
1353
1336
1340
1329
1348
1343
1327
1347
1350
1336
1331
1340
1334
1330
1322
1328
1358
1321
1338
1326
1352
1314
1337
1315
1349
1330
1321
1333
1352
1338
1327
1343
1341
1337
1338
1564
2898
1333
1330
1329
1345
1332
1329
1344
1357
1355
1335
1322
1366
1344
1334
1330
1362
1327
1324
1333
1346
1335
1326
1334
1354
1325
1334
1327
1342
1338
1339
1340
1344
1334
1325
1341
1345
1334
1338
1329
1341
1321
1334
1328
1351
1318
1337
1338
1347
1330
1329
1340
1333
1339
1334
1336
1340
1329
1322
1331
1349
1315
1335
1326
1349
1326
1336
1334
1347
1319
1342
1319
1338
1319
1327
1340
1337
1335
1329
1341
1336
1693
2764
1327
1346
1328
1345
1324
1347
1327
1328
1340
1358
1326
1335
1327
1342
1332
1329
1324
1340
1329
1340
1327
1344
1321
1326
1339
1343
1331
1335
1332
1340
1322
1329
1330
1345
1324
1339
1324
1342
1325
1328
1333
1346
1327
1339
1330
1344
1323
1330
1331
1340
1324
1345
1335
1339
1336
1321
1339
1338
1322
1340
1318
1353
1320
1339
1331
1348
1327
1343
1325
1344
1325
1314
1328
1343
1331
1336
1334
1339
1335
1320
1337
1333
1322
1333
1325
2833
1531
1330
1341
1343
1336
1347
1325
1361
1362
1337
1348
1357
1324
1340
1333
1342
1329
1327
1320
1360
1325
1325
1330
1345
1343
1323
1345
1350
1328
1322
1334
1352
1326
1342
1322
1352
1317
1324
1323
1363
1337
1323
1335
1345
1335
1327
1334
1338
1345
1328
1337
1333
1346
1324
1334
1350
1322
1342
1318
1352
1321
1338
1321
1351
1317
1328
1335
1333
1336
1322
1340
1336
1331
1336
1406
2970
1334
1338
1337
1347
1331
1336
1335
1358
1328
1319
1325
1344
1332
1342
1319
1351
1331
1326
1354
1338
1326
1326
1332
1341
1335
1328
1334
1341
1324
1316
1324
1345
1328
1331
1330
1340
1321
1333
1318
1350
1327
1328
1331
1339
1326
1325
1326
1333
1338
1317
1328
1343
1330
1324
1329
1356
1334
1326
1338
1336
1332
1337
1323
1351
1325
1335
1323
1348
1330
1334
1318
1342
1331
1322
1353
1338
1335
1319
1326
1334
1879
2549
1316
1352
1333
1331
1334
1340
1331
1320
1329
1327
1350
1325
1335
1371
1333
1324
1327
1360
1332
1326
1331
1337
1325
1320
1310
1348
1319
1327
1329
1346
1320
1324
1334
1335
1329
1321
1336
1348
1331
1335
1344
1359
1323
1332
1328
1346
1328
1319
1326
1335
1330
1320
1332
1340
1329
1331
1324
1341
1314
1326
1328
1344
1322
1325
1326
1342
1326
1324
1321
1335
1330
1321
1332
1340
1329
1318
1789
2578
1321
1333
1321
1356
1320
1328
1326
1343
1320
1321
1322
1344
1335
1321
1333
1341
1326
1330
1334
1339
1313
1330
1316
1355
1321
1322
1333
1356
1326
1320
1329
1337
1318
1324
1327
1345
1330
1334
1323
1339
1330
1327
1332
1346
1318
1323
1314
1345
1320
1326
1322
1347
1325
1331
1330
1337
1331
1319
1324
1338
1325
1330
1326
1367
1323
1325
1335
1337
1317
1330
1321
1345
1329
1330
1327
1364
1825
2528
1318
1345
1326
1317
1324
1337
1333
1318
1325
1338
1331
1324
1342
1340
1323
1314
1326
1340
1354
1352
1325
1348
1340
1338
1324
1342
1327
1329
1328
1341
1340
1323
1327
1338
1330
1320
1317
1339
1318
1341
1340
1347
1330
1323
1325
1351
1326
1316
1331
1336
1328
1322
1324
1343
1323
1329
1324
1336
1321
1326
1323
1346
1321
1325
1322
1346
1320
1329
1320
1335
1328
1313
1337
1351
1333
1320
1330
1336
1344
3106
1428
1354
1315
1338
1318
1334
1327
1323
1335
1332
1334
1316
1333
1346
1320
1325
1324
1353
1321
1320
1320
1348
1322
1330
1326
1339
1325
1346
1325
1338
1333
1325
1321
1337
1340
1320
1331
1344
1325
1325
1321
1344
1322
1326
1315
1355
1324
1327
1329
1338
1329
1324
1329
1337
1321
1324
1330
1340
1320
1327
1323
1339
1328
1327
1328
1338
1327
1314
1315
1346
1321
1410
1377
1353
1322
1326
1325
1340
1817
2561
1316
1343
1326
1343
1330
1336
1337
1318
1328
1351
1334
1325
1331
1341
1324
1325
1320
1350
1320
1349
1324
1357
1345
1338
1324
1344
1331
1337
1327
1359
1326
1319
1338
1342
1342
1319
1329
1352
1328
1320
1322
1359
1323
1326
1318
1346
1322
1328
1323
1350
1318
1343
1316
1396
1326
1328
1321
1348
1321
1313
1335
1343
1320
1330
1325
1337
1334
1328
1329
1345
1315
1325
1316
1348
1324
1322
1328
1350
1328
1321
1327
1343
1319
1331
1325
1340
1335
1339
1319
1356
1333
1322
1329
1339
1336
1315
1332
1338
1321
1336
1320
1344
1323
1323
1322
1337
1336
1330
1329
1337
1315
1332
1323
1344
1319
1320
1327
1332
1344
1321
1344
1332
1326
1319
1318
1346
1314
1335
1318
1361
1327
1345
1331
1351
1327
1327
1317
1348
1328
1340
1323
1340
1328
1324
1336
1343
1342
1322
1337
1334
1329
1331
1317
1348
1313
1345
1314
1359
1311
1325
1326
1330
1326
1322
1358
1333
1328
1333
1329
1337
1326
1330
1327
1338
1318
1330
1328
1346
1321
1333
1326
1357
1310
1329
1320
1347
1334
1331
1334
1345
1358
1318
1348
1331
1319
1331
1318
1343
1321
1327
1313
1354
1315
1329
1332
1336
1337
1323
1327
1343
1324
1333
1322
1346
1332
1320
1334
1335
1326
1319
1332
1337
1335
1320
1332
1339
1322
1332
1325
1333
1317
1322
1324
1344
1322
1334
1324
1350
1325
1326
1328
1341
1319
1327
1324
1339
1333
1318
1336
1331
1334
1323
1341
1341
1313
1330
1320
1343
1318
1338
1319
1352
1321
1326
1325
1334
1340
1318
1335
1336
1328
1324
1334
1344
1332
1316
1320
1350
1312
1328
1318
1351
1328
1335
1327
1335
1323
1330
1324
1344
1335
1313
1330
1348
1329
1323
1324
1341
1332
1317
1325
1351
1325
1333
1326
1348
1313
1345
1325
1347
1320
1321
1326
1340
1338
1329
1339
1338
1312
1333
1319
1349
1323
1327
1320
1338
1324
1316
1342
1331
1346
1320
1334
1343
1319
1331
1330
1344
1313
1328
1318
1350
1322
1322
1321
1339
1319
1318
1321
1332
1338
1325
1331
1329
1349
1327
1334
1350
1318
1317
1314
1365
1319
1330
1320
1350
1315
1329
1323
1346
1327
1323
1328
1336
1333
1318
1334
1338
1333
1320
1326
1336
1324
1327
1318
1341
1321
1342
1325
1340
1333
1346
1323
1355
1324
1337
1337
1339
1320
1316
1326
1344
1315
1338
1322
1351
1322
1334
1330
1330
1323
1320
1332
1331
1322
1321
1330
1342
1321
1332
1321
1336
1312
1325
1319
1359
1319
1326
1330
1341
1323
1324
1330
1336
1326
1319
1333
1339
1328
1326
1326
1339
1322
1328
1324
1345
1324
1331
1321
1339
1321
1329
1320
1339
1332
1326
1329
1335
1321
1325
1333
1335
1324
1321
1327
1346
1321
1340
1322
1346
1313
1342
1315
1340
1321
1328
1331
1332
1344
1313
1343
1330
1328
1322
1318
1350
1320
1328
1324
2007
2373
1323
1337
1338
1329
1327
1319
1367
1313
1338
1315
1349
1320
1333
1329
1341
1347
1319
1334
1338
1330
1314
1327
1342
1350
1327
1324
1336
1327
1335
1325
1344
1317
1333
1321
1349
1321
1334
1321
1337
1323
1321
1346
1337
1323
1311
1325
1330
1327
1331
1326
1346
1315
1330
1316
1345
1311
1319
1331
1343
1345
1325
1339
1335
1319
1328
1328
1336
1325
1319
1326
1331
1328
1316
1328
1336
1340
1330
1327
1348
1312
1340
1313
1339
1317
1319
2841
1605
1320
1340
1343
1337
1322
1333
1332
1345
1317
1323
1320
1338
1331
1325
1327
1336
1329
1322
1329
1339
1325
1329
1325
1348
1314
1330
1321
1338
1325
1313
1329
1339
1323
1317
1335
1337
1327
1324
1330
1334
1322
1335
1320
1351
1318
1326
1315
1355
1312
1324
1322
1338
1330
1319
1341
1332
1332
1319
1333
1335
1319
1344
1315
1351
1316
1332
1324
1343
1324
1328
1326
1336
1325
1329
1319
1336
1327
1370
1434
1372
1333
1321
1320
1341
1313
3030
1372
1355
1327
1324
1338
1342
1329
1320
1335
1343
1325
1323
1313
1341
1331
1346
1320
1361
1359
1327
1344
1339
1328
1325
1331
1347
1318
1324
1330
1351
1322
1324
1335
1348
1334
1329
1332
1343
1312
1337
1314
1351
1322
1332
1329
1351
1332
1312
1335
1343
1346
1319
1340
1336
1317
1335
1329
1348
1319
1326
1335
1359
1329
1340
1323
1347
1327
1338
1331
1347
1336
1324
1348
1330
1334
1345
1326
3132
1461
1346
1323
1338
1336
1322
1331
1344
1333
1320
1330
1348
1328
1329
1329
1352
1316
1345
1317
1345
1319
1330
1328
1348
1337
1318
1340
1340
1335
1323
1324
1342
1320
1337
1312
1357
1324
1329
1329
1343
1339
1331
1333
1343
1312
1337
1322
1344
1324
1336
1325
1337
1352
1327
1336
1331
1339
1316
1322
1359
1317
1340
1325
1371
1316
1337
1341
1344
1315
1316
1338
1330
1341
1325
1331
1351
1764
2623
1325
1358
1327
1322
1331
1337
1337
1315
1324
1345
1324
1335
1324
1351
1324
1340
1319
1350
1320
1324
1331
1339
1391
1335
1318
1352
1337
1332
1338
1347
1327
1325
1335
1339
1317
1318
1323
1358
1329
1333
1325
1358
1316
1342
1317
1342
1327
1325
1330
1342
1334
1315
1336
1344
1336
1320
1333
1341
1319
1327
1317
1354
1320
1356
1326
1348
1319
1335
1330
1343
1334
1323
1324
1336
1330
1321
1332
1345
1323
2724
1653
1350
1326
1323
1350
1339
1335
1322
1333
1346
1320
1338
1322
1360
1315
1343
1314
1354
1313
1320
1334
1332
1346
1319
1344
1330
1341
1325
1325
1339
1312
1337
1313
1360
1314
1341
1328
1343
1332
1330
1342
1335
1319
1327
1336
1344
1331
1330
1330
1340
1326
1322
1343
1339
1344
1319
1319
1353
1332
1332
1315
1356
1321
1331
1330
1347
1324
1322
1332
1349
1331
1320
1336
1341
1338
2622
1797
1339
1343
1321
1331
1339
1325
1316
1328
1343
1320
1341
1318
1350
1328
1323
1318
1349
1324
1331
1324
1338
1327
1327
1336
1339
1319
1321
1326
1342
1330
1330
1327
1351
1336
1338
1328
1342
1319
1332
1325
1338
1333
1319
1334
1339
1338
1323
1327
1345
1326
1330
1335
1359
1314
1334
1326
1346
1329
1325
1341
1335
1340
1312
1329
1352
1335
1333
1331
1352
1324
1327
1322
1335
1324
1324
1326
1365
1344
1343
1320
1525
2884
1332
1331
1345
1327
1330
1336
1346
1337
1323
1341
1338
1326
1331
1317
1366
1327
1335
1324
1357
1319
1320
1338
1338
1325
1325
1336
1341
1336
1342
1320
1351
1332
1335
1320
1340
1327
1317
1340
1328
1332
1326
1333
1356
1346
1336
1315
1347
1327
1333
1319
1355
1322
1337
1332
1339
1324
1319
1341
1358
1339
1325
1338
1334
1327
1324
1327
1352
1321
1335
1311
1368
1315
1334
1336
1349
1321
1528
2893
1329
1354
1318
1333
1331
1323
1334
1321
1353
1316
1336
1324
1341
1326
1331
1352
1337
1337
1321
1331
1342
1319
1331
1324
1351
1329
1325
1335
1341
1328
1321
1334
1345
1323
1346
1322
1350
1339
1323
1339
1338
1338
1507
1851
1726
1677
1684
1739
1706
1689
1689
4335
8246
10908
11950
13019
14086
13287
11992
10674
9346
8045
6727
5426
4110
2775
1671
1694
1701
1686
1679
1708
1682
1679
1674
1698
1692
1683
1944
1767
1883
1703
1694
1685
1668
1689
1681
1700
1670
1671
1670
1698
1671
1669
1699
1739
1697
1670
1703
1705
1677
1699
1676
1701
1684
1939
3225
1937
1690
1684
1711
1755
1702
1686
1684
1716
1681
1674
1694
3496
2200
1678
1693
1704
1680
1688
1692
1697
1681
1697
1690
1712
1678
1692
1665
1709
1672
1705
1673
1704
1693
1675
1704
1703
1684
1693
1669
1705
1682
1688
1687
1703
1683
1675
1677
1691
1684
1681
1683
1707
3524
2217
1674
1699
1689
1691
1683
1698
1670
1666
1687
1703
1677
1680
1677
1697
1683
1690
1686
1726
1676
1688
1685
1719
1671
1694
1673
1695
1678
1677
1694
1692
1667
1675
1673
1709
1674
1679
1683
1704
1675
3031
2188
1701
1695
1688
1687
1684
1675
1706
1681
1705
1678
1677
1682
1698
1677
1681
1735
1688
1696
1706
1683
1707
1678
1682
1675
1720
1728
1719
1700
1730
1706
1710
1738
1771
1875
1804
1707
1776
1740
3541
2292
1768
1717
1710
1709
1755
1691
1688
1674
1821
1885
1797
1804
1800
1699
1692
1724
1850
1983
1764
1774
1709
1685
1682
1698
1690
1676
1681
1677
1716
1680
1674
1689
1715
1668
1679
1671
1698
3514
2199
1670
1707
1677
1693
1678
1701
1679
1697
1695
1702
1686
1685
1676
1706
1688
1678
1694
1707
1677
1684
1688
1701
1678
1681
1665
1711
1678
1689
1679
1703
1671
1672
1697
1697
1676
1685
1689
1707
1677
3132
2110
1708
1679
1694
1690
1689
1677
1679
1677
1698
1686
1664
1697
1713
1676
1686
1671
1689
1671
1689
1679
1693
1687
1687
1696
1697
1686
1678
1663
1711
1669
1697
1686
1710
1692
1682
1683
1706
1682
1682
1677
3443
2144
1698
1671
1697
1677
1695
1676
1692
1699
1675
1691
1701
1675
1673
1670
1699
1683
1684
1677
1710
1677
1679
1691
1703
1678
1668
1684
1689
1676
1688
1674
1714
1672
1684
1683
1703
1671
1673
1682
1689
1686
1688
1665
1705
3426
2114
1667
1707
1684
1677
1909
1762
1763
1707
1703
1705
1671
1669
1674
1708
1673
1698
1672
1703
1689
1676
1702
1693
1680
1707
1698
1715
1674
1677
1677
1702
1676
1691
1677
1713
1684
1680
1695
1730
1685
1683
1707
1707
3502
2174
1668
1729
1674
1686
1684
1708
1668
1683
1686
1695
1697
1675
1679
1705
1669
1692
1684
1706
1667
1690
1680
1705
1689
1675
1694
1712
1687
1680
1671
1689
1677
1693
1679
1710
1685
1670
1683
1699
1682
1680
2052
3050
1747
1681
1694
1704
1672
1699
1672
1704
1663
1676
1681
1707
1689
1677
1689
1698
1682
1679
1674
1715
1665
1690
1681
1715
1685
1673
1675
1707
1680
1684
1677
1691
1671
1677
1679
1703
1676
1673
1681
1698
1680
1684
1681
1697
1690
1672
1683
1708
1669
1688
1681
1702
1675
1688
1680
1703
1691
1679
1692
1700
1672
1691
1674
1703
1682
1767
1695
1705
1695
1715
1694
1752
1737
1779
1917
1797
1815
1701
1827
1745
1683
1682
1685
1729
1669
1677
1690
1798
1788
1790
1814
1791
1704
1690
1793
1853
1927
1822
1790
1754
1688
1704
1665
1754
1671
1682
1675
1690
1680
1682
1687
1719
1693
1679
1686
1705
1671
1693
1665
1706
1680
1689
1671
1702
1667
1669
1695
1685
1682
1674
1681
1724
1679
1678
1685
1705
1673
1688
1679
1698
1679
1686
1692
1703
1682
1684
1689
1705
1672
1699
1674
1701
1676
1676
1681
1692
1679
1671
1683
1688
1681
1694
1667
1709
1675
1682
1685
1701
1677
1680
1675
1697
1683
1682
1673
1696
1660
1683
1666
1700
1669
1691
1669
1701
1683
1671
1695
1692
1673
1680
1678
1711
1667
1682
1670
1718
1675
1679
1690
1708
1682
1689
1685
1696
1667
1669
1666
1709
1669
1677
1680
1717
1675
1675
1676
1686
1687
1667
1675
1705
1667
1703
1670
1696
1673
1667
1678
1689
1684
1668
1676
1715
1678
1680
1665
1708
1662
1670
1678
1696
1685
1683
1675
1704
1671
1684
1674
1710
1680
1686
3568
2389
1720
1722
1671
1731
1687
1674
1709
1690
1688
1673
1678
1703
1672
1691
1681
1717
1682
1684
1676
1705
1679
1687
1678
1717
1688
1677
1680
1708
1679
1693
1679
1699
1674
1693
1687
1708
1686
1674
1697
1710
1679
1691
1673
1691
1673
3499
2173
1692
1666
1687
1676
1702
1678
1684
1689
1703
1692
1673
1688
1703
1669
1696
1676
1704
1678
1700
1687
1707
1691
1675
1698
1692
1673
1697
1674
1702
1679
1679
1670
1691
1680
1678
1679
1690
1681
1691
1673
1723
1670
1683
1680
1703
1678
1672
1668
3502
2206
1688
1699
1708
1677
1683
1678
1709
1679
1683
1683
1708
1670
1690
1670
1697
1687
1681
1679
1701
1689
1671
1684
1706
1671
1686
1673
1702
1671
1679
1696
1691
1698
1684
1701
1701
1671
1685
1671
1705
1664
1695
1872
3198
1892
1670
1694
1692
1678
1693
1686
1733
1678
1687
1695
1707
1678
1721
1709
1852
1825
1704
1723
1838
1696
1684
1666
1709
1681
1697
1686
1702
1722
1961
1818
1832
1785
1697
1687
1743
1855
1895
1822
1783
3460
2144
1691
1679
1697
1665
1681
1690
1675
1675
1668
1707
1674
1699
1680
1699
1686
1680
1700
1711
1686
1672
1682
1705
1669
1686
1670
1698
1686
1683
1676
1715
1661
1687
1692
1691
1688
1679
1693
1717
1690
1682
1695
1714
1668
3519
2193
1696
1678
1686
1691
1700
1706
1672
1687
1708
1690
1694
1672
1703
1678
1698
1676
1700
1689
1665
1712
1694
1683
1683
1671
1698
1692
1684
1693
1703
1686
1684
1692
1692
1682
1683
1687
1698
1666
1698
1681
1703
2778
2311
1691
1697
1685
1683
1675
1696
1690
1671
1682
1690
1668
1681
1692
1701
1680
1699
1665
1723
1677
1677
1705
1692
1689
1675
1695
1706
1669
1700
1680
1703
1681
1687
1693
1708
1681
1673
1686
1700
1690
3304
2073
1719
1685
1693
1684
1691
1689
1672
1686
1706
1680
1674
1702
1690
1673
1713
1679
1701
1659
1693
1674
1699
1809
1718
1739
1721
1680
1677
1683
1695
1687
1672
1676
1725
1771
1718
1684
1714
2257
2824
1685
1709
1690
1673
1693
1698
1674
1680
1689
1693
1675
1696
1691
1707
1675
1699
1671
1695
1692
1673
1696
1701
1664
1696
1689
1704
1678
1685
1676
1696
1686
1687
1685
1709
1677
1669
1680
1710
1674
1689
1672
1714
3520
2195
1674
1698
1682
1701
1685
1698
1684
1680
1672
1724
1681
1682
1689
1701
1670
1692
1686
1716
1685
1670
1699
1693
1678
1692
1676
1693
1688
1679
1680
1695
1666
1686
1691
1691
1689
1681
1671
1694
1688
1686
3171
2076
1675
1685
1686
1687
1676
1687
1689
1712
1685
1683
1684
1723
1675
1698
1671
1708
1675
1673
1683
1698
1675
1672
1684
1703
1682
1681
1676
1712
1681
1680
1677
1696
1677
1675
1681
1705
1679
1670
1689
1688
1676
1681
1685
1705
1746
1679
1677
1696
1685
1685
1735
1743
1788
1893
1803
1746
1735
1793
1752
1705
1675
1682
1697
1698
1659
1684
1726
1905
1825
1723
1753
1741
1682
1703
1872
1861
1826
1736
1689
1715
1664
1673
1685
1683
1675
1659
1676
1709
1679
1672
1686
1709
1672
1687
1675
1711
1686
1665
1678
1702
1697
1696
1688
1702
1675
1678
1680
1705
1672
1678
1672
1697
1672
1677
1681
1693
1676
1683
1682
1690
1677
1678
1670
1699
1665
1682
1672
1692
1675
1679
1684
1701
1681
1671
1690
1709
1670
1693
1671
1709
1671
1668
1690
1681
1679
1686
1691
1687
1667
1684
1674
1710
1671
1686
1675
1689
1683
1669
1674
1688
1666
1678
1669
1690
1676
1676
1679
1702
1671
1681
1688
1701
1681
1674
1698
1724
1679
1677
1676
1686
1682
1677
1675
1695
1668
1685
1671
1696
1678
1678
1688
1705
1684
1671
1684
1700
1666
1684
1683
1712
1677
1669
1691
1687
1682
1678
1685
1688
1673
1691
1671
1710
1671
1680
1679
1703
1673
1670
1671
1691
1691
1688
1676
1688
1685
1678
1677
1695
1673
1775
1720
1842
1700
1681
1683
1697
1673
1680
1675
1704
1702
1672
1682
1697
1665
1694
1678
1705
1681
1676
1678
1716
1677
1679
1684
1695
1684
1673
1671
1711
1667
1685
1686
1697
1676
1690
1684
1698
1682
1681
1693
1701
1671
1714
1677
1698
1683
1685
1682
1683
1678
1694
1693
1694
1687
1675
1672
1705
1686
1688
1684
1700
1679
1688
1677
1708
1677
1666
1684
1698
1697
1669
1670
1725
1678
1695
1679
1706
1671
1671
1688
1703
1701
1673
1689
1706
1687
1710
1671
1699
1673
1678
1678
1692
1683
1673
1678
1701
1686
1684
1669
1707
1686
1682
1686
1711
1676
1676
1678
1714
1680
1669
1675
1691
1680
1686
1686
1707
1669
1685
1680
1702
1684
1672
1684
1704
1685
1680
1679
1698
1662
1694
1681
1706
1670
1676
1690
1690
1684
1693
1686
1707
1682
1673
1684
1711
1673
1694
1697
1706
1715
1698
1677
1703
1700
1706
1844
1872
1726
1706
1853
1708
1698
1671
1682
1716
1672
1676
1683
1792
1924
1853
1796
1808
1692
1688
1750
1895
1905
1815
1756
1738
1661
1678
1680
1710
1665
1683
1666
1694
1676
1672
1677
1683
1670
1678
1671
1700
1674
1686
1674
1698
1681
1674
1684
1697
1676
1677
1685
1702
1680
1690
1662
1707
1676
1677
1670
1688
1670
1674
1681
1702
1689
1681
1687
1697
1677
1678
1682
1700
1669
1713
1671
1696
1669
1672
1678
1689
1680
1670
1679
1697
1672
1695
1670
1712
1678
1675
1685
1703
1679
1679
1677
1689
1675
1678
1668
1704
1665
1686
1678
1687
1686
1670
1685
1703
1706
1673
1688
1693
1670
1689
1672
1698
1677
1671
1689
1691
1679
1677
1679
1699
1676
1690
1680
1701
1673
1686
1683
1703
1681
1677
1670
1696
1678
1681
1676
1691
1672
1682
1683
1704
1676
1683
1669
1698
1689
1677
1686
1704
1679
1676
1687
1698
1673
1673
1671
1701
1669
1674
1697
1726
1691
1686
1683
1700
1677
1663
1684
1718
1671
1705
1743
1752
1773
1728
1690
1695
1765
1840
1700
1706
1691
1669
1686
1685
1683
1675
1679
1700
1669
1684
1674
1709
1679
1680
1740
1743
1684
1691
1678
1700
1661
1672
1675
1714
1684
1670
1688
1702
1680
1697
1673
1705
1708
1714
1674
1711
1669
1672
1678
1708
1673
1690
1684
1706
1689
1676
1687
1700
1668
1691
1705
1712
1687
1682
1670
1703
1662
1683
1678
1705
1671
1670
1684
1704
1691
1669
1681
1700
1709
1696
1708
1695
1666
1680
1678
1723
1677
1683
1669
1700
1681
1686
1680
1708
1689
1671
1710
1705
1686
1671
1678
1700
1674
1697
1670
1717
1663
1678
1684
1698
1686
1672
1676
1708
1715
1691
1683
1713
1674
1671
1681
1696
1683
1692
1665
1711
1671
1679
1671
1690
1700
1696
1724
1692
1687
1664
1674
1707
1690
1677
1668
1705
1675
1680
1691
1706
1670
1672
1683
1813
1707
1701
1678
1695
1682
1710
1724
1746
1812
1777
1791
1753
1823
1687
1683
1712
1664
1719
1708
1702
1672
1730
1841
1845
1723
1718
1673
1699
1863
1806
1854
1827
1790
1712
1709
1763
1688
1696
1668
1704
1671
1668
1682
1686
1671
1698
1690
1701
1674
1672
1681
1696
1671
1700
1703
1711
1676
1674
1683
1703
1668
1684
1693
1711
1676
1696
1670
1701
1675
1681
1666
1733
1690
1666
1682
1721
1674
1677
1682
1687
1673
1684
1677
1707
1671
1681
1679
1709
1673
1712
1679
1703
1673
1691
1671
1727
1679
1668
1681
1690
1687
1682
1679
1697
1704
1686
1682
1727
1735
1673
1681
1698
1684
1690
1669
1722
1666
1684
1671
1694
1672
1672
1683
1691
1692
1708
1678
1693
1685
1675
1684
1700
1673
1666
1687
1707
1680
1667
1659
1697
1665
1686
1691
1723
1668
1706
2093
1598
1413
1428
1325
1500
1292
1277
1268
1320
1278
1282
1265
1299
1339
1408
1375
1447
1367
1303
1288
1385
1430
1498
1394
1390
1284
1277
1288
1289
1277
1269
1283
1294
1266
1272
1272
1296
1280
1277
1271
1292
1286
1272
1291
1299
1282
1290
1273
1303
1278
1286
1272
1300
1282
1277
1301
1301
1296
1292
1274
1294
1265
1288
1309
1316
1289
1285
1279
1312
1269
1278
1299
1288
1295
1268
1281
1305
1273
1287
1280
1298
1286
1280
1283
1300
1288
1279
1281
1302
1284
1285
1275
1291
1273
1280
1286
1296
1274
1274
1278
1297
1271
1292
1273
1297
1285
1278
1275
1304
1279
1282
1285
1305
1286
1273
1280
1302
1288
1270
1305
1310
1284
1298
1296
1300
1267
1301
1275
1306
1279
1275
1295
1298
1280
1302
1586
2687
1303
1307
1272
1286
1295
1290
1282
1299
1279
1281
1299
1299
1273
1296
1273
1291
1279
1274
1280
1321
1278
1291
1282
1315
1273
1277
1289
1287
1286
1295
1281
1308
1276
1299
1296
1315
1266
1309
1275
1416
1298
1325
1269
1329
1271
1281
1278
1297
1291
1293
1282
1302
1288
1273
1295
1314
1267
1304
1291
1305
1277
1279
1281
1312
1275
1294
1300
1291
1278
1284
1287
1304
1289
1283
1282
1309
1267
1286
1277
1298
1283
1280
1281
1580
2707
1293
1299
1308
1270
1307
1276
1306
1286
1274
1298
1316
1273
1285
1291
1295
1285
1281
1279
1313
1276
1278
1283
1292
1274
1288
1281
1309
1289
1273
1287
1308
1279
1281
1275
1295
1281
1277
1284
1307
1282
1271
1294
1304
1279
1286
1267
1313
1278
1299
1274
1299
1284
1276
1297
1292
1285
1268
1288
1299
1270
1285
1274
1303
1278
1288
1280
1303
1286
1282
1286
1300
1287
1280
1281
1300
1282
1283
1275
1302
1273
1280
1287
1297
1274
1981
2650
1305
1299
1269
1296
1300
1272
1299
1274
1303
1287
1273
1294
1298
1278
1281
1289
1353
1315
1280
1274
1321
1268
1282
1304
1369
1421
1390
1404
1361
1367
1311
1298
1290
1294
1282
1280
1283
1273
1298
1411
1428
1336
1319
1272
1301
1407
1358
1404
1301
1294
1271
1284
1298
1285
1278
1291
1310
1265
1296
1266
1301
1279
1274
1284
1304
1281
1275
1282
1292
1283
1290
1275
1306
1280
1271
1280
1308
1298
1277
1280
1307
1273
1293
1276
1309
1287
1282
1291
1306
1272
1285
1287
1292
2119
2189
1276
1295
1272
1277
1296
1303
1283
1296
1274
1299
1305
1265
1288
1299
1277
1268
1284
1308
1272
1288
1273
1314
1266
1291
1279
1292
1293
1277
1295
1298
1283
1279
1284
1296
1275
1285
1277
1311
1272
1281
1281
1308
1273
1293
1276
1291
1292
1273
1287
1314
1275
1289
1284
1292
1275
1288
1275
1313
1279
1275
1283
1296
1265
1289
1274
1303
1296
1267
1293
1302
1287
1277
1287
1291
1276
1280
1272
1317
1265
1281
1283
1289
1282
1283
2577
2099
1286
1283
1300
1299
1266
1294
1272
1317
1298
1282
1281
1297
1272
1282
1289
1316
1291
1271
1316
1301
1390
1287
1315
1319
1274
1279
1268
1318
1285
1310
1308
1304
1270
1303
1287
1288
1292
1271
1281
1308
1266
1300
1280
1306
1271
1298
1267
1296
1295
1276
1293
1295
1289
1286
1290
1301
1268
1282
1289
1318
1279
1284
1281
1294
1269
1272
1285
1299
1289
1271
1296
1302
1277
1284
1276
1292
1267
1298
1266
1305
1279
1773
2872
1299
1294
1278
1298
1294
1282
1302
1277
1320
1280
1267
1289
1302
1279
1282
1275
1297
1282
1280
1271
1313
1273
1287
1289
1290
1296
1278
1282
1304
1280
1284
1285
1306
1269
1292
1273
1312
1275
1277
1285
1300
1273
1283
1290
1295
1288
1267
1275
1292
1286
1283
1283
1318
1274
1301
1269
1298
1274
1279
1282
1288
1288
1283
1287
1310
1271
1289
1275
1308
1277
1284
1284
1307
1284
1283
1287
1290
1272
1295
2627
2048
1284
1286
1274
1292
1274
1291
1294
1304
1273
1282
1287
1345
1292
1345
1386
1327
1342
1342
1287
1337
1264
1275
1297
1289
1285
1275
1300
1482
1428
1318
1344
1356
1304
1294
1498
1406
1407
1312
1314
1355
1294
1296
1271
1299
1265
1287
1266
1283
1293
1266
1313
1300
1279
1276
1288
1280
1273
1271
1283
1301
1286
1291
1281
1304
1262
1305
1266
1290
1286
1277
1311
1328
1270
1282
1276
1300
1270
1271
1279
1301
1310
1770
2527
1287
1277
1292
1263
1304
1285
1281
1282
1333
1271
1290
1264
1306
1282
1273
1285
1312
1288
1269
1286
1308
1296
1285
1265
1320
1272
1279
1278
1302
1289
1286
1288
1287
1279
1265
1295
1311
1274
1290
1284
1291
1270
1276
1284
1291
1292
1297
1278
1322
1284
1273
1295
1296
1284
1293
1280
1292
1295
1275
1279
1300
1280
1274
1283
1291
1279
1286
1271
1329
1274
1279
1282
1316
1277
1271
1297
1294
1490
2789
1289
1309
1280
1294
1283
1299
1277
1276
1289
1290
1295
1271
1279
1303
1276
1292
1265
1312
1272
1272
1275
1305
1294
1284
1293
1314
1283
1278
1388
1333
1315
1282
1275
1294
1299
1275
1278
1305
1286
1274
1278
1287
1270
1279
1277
1301
1294
1282
1291
1303
1275
1289
1272
1325
1278
1276
1279
1306
1285
1267
1295
1294
1273
1287
1285
1316
1281
1282
1287
1324
1272
1286
1296
1289
1281
1294
1292
1300
1302
1265
1298
1289
1270
1307
1268
1304
1267
1294
1266
1312
1281
1275
2271
1290
1294
1276
1275
1309
1273
1292
1280
1300
1278
1323
1273
1293
1301
1278
1288
1303
1281
1288
1292
1292
1296
1276
1275
1307
1267
1290
1279
1306
1276
1274
1281
1303
1289
1269
1297
1311
1274
1291
1286
1295
1284
1278
1283
1300
1295
1291
1284
1307
1281
1299
1270
1290
1284
1295
1282
1303
1276
1279
1291
1306
1280
1286
1284
1303
1288
1285
1291
1313
1272
1294
1273
1292
1290
1280
1289
1291
1293
1274
1407
2943
1268
1295
1324
1358
1275
1279
1290
1285
1292
1306
1329
1480
1394
1344
1287
1394
1327
1289
1271
1323
1293
1282
1277
1318
1379
1416
1315
1418
1313
1311
1300
1374
1408
1427
1369
1443
1311
1303
1274
1319
1276
1263
1293
1281
1281
1276
1277
1299
1284
1282
1275
1300
1264
1295
1265
1293
1270
1267
1300
1297
1288
1269
1296
1287
1273
1289
1272
1307
1286
1295
1273
1299
1276
1279
1282
1276
1270
1273
1279
1308
1271
1278
1285
1302
1266
1283
1287
1293
1317
1273
1270
1305
1266
1274
1272
1297
1278
1287
1285
1291
1284
1265
1298
1292
1273
1289
1284
1306
1277
1299
1270
1295
1282
1274
1276
1293
1299
1269
1296
1289
1276
1283
1264
1311
1279
1281
1280
1314
1284
1283
1292
1283
1282
1279
1278
1298
1274
1267
1296
1299
1269
1288
1274
1292
1281
1275
1283
1314
1285
1279
1273
1287
1276
1284
1278
1292
1286
1277
1298
1289
1278
1282
1280
1288
1280
1274
1292
1302
1280
1285
1288
1302
1279
1272
1286
1289
1292
1277
1304
1286
1283
1291
1287
1300
1275
1290
1279
1304
1433
1295
1294
1313
1292
1276
1270
1326
1272
1272
1278
1319
1275
1285
1277
1318
1278
1269
1287
1300
1281
1290
1278
1291
1290
1280
1276
1309
1268
1290
1280
1298
1274
1273
1283
1300
1286
1268
1307
1295
1270
1288
1267
1308
1276
1293
1276
1301
1284
1280
1280
1289
1289
1285
1272
1306
1279
1281
1305
1308
1272
1292
1269
1301
1282
1291
1277
1302
1274
1270
1287
1308
1278
1284
1286
1305
1282
1281
1286
1301
1279
1292
1283
1292
1280
1292
1267
1309
1273
1281
1284
1297
1279
1286
1289
1292
1293
1273
1278
1324
1286
1291
1276
1301
1281
1283
1273
1305
1286
1275
1289
1293
1282
1292
1275
1301
1300
1276
1288
1301
1266
1293
1271
1299
1284
1286
1281
1311
1281
1267
1300
1297
1293
1288
1275
1315
1275
1267
1284
1290
1286
1293
1283
1298
1274
1282
1280
1310
1285
1313
1302
1338
1310
1297
1352
1314
1349
1330
1488
1425
1320
1298
1393
1328
1291
1292
1287
1328
1299
1297
1311
1386
1452
1394
1333
1381
1311
1290
1314
1520
1416
1362
1366
1294
1315
1278
1283
1315
1285
1275
1277
1306
1268
1296
1264
1299
1280
1263
1291
1295
1284
1275
1291
1287
1287
1284
1273
1318
1276
1284
1272
1302
1278
1300
1282
1300
1289
1275
1291
1297
1281
1283
1280
1300
1271
1274
1280
1301
1270
1279
1287
1300
1275
1274
1283
1285
1283
1277
1288
1303
1283
1280
1274
1307
1279
1284
1282
1297
1301
1275
1286
1301
1265
1280
1283
1308
1288
1276
1291
1293
1283
1274
1285
1295
1272
1289
1272
1313
1272
1289
1274
1292
1287
1276
1294
1294
1294
1275
1283
1311
1268
1292
1271
1303
1276
1282
1283
1303
1272
1276
1287
1290
1274
1292
1273
1291
1295
1274
1289
1315
1273
1287
1276
1298
1296
1279
1267
1304
1272
1275
1290
1293
1280
1284
1274
1296
1284
1277
1287
1299
1275
1286
1274
1303
1275
1286
1274
1332
1279
1271
1302
1293
1280
1278
1456
1361
1364
1282
1272
1304
1267
1288
1276
1305
1274
1283
1282
1299
1280
1284
1287
1305
1286
1288
1280
1310
1283
1279
1275
1308
1290
1277
1287
1311
1281
1281
1276
1303
1272
1287
1288
1301
1288
1274
1293
1302
1291
1281
1274
1296
1285
1275
1274
1308
1267
1291
1285
1309
1272
1279
1292
1298
1304
1270
1296
1301
1267
1298
1274
1324
1275
1298
1286
1462
1303
1294
1296
1304
1290
1290
1293
1323
1359
1302
1305
1353
1277
1300
1272
1306
1310
1293
1293
1310
1294
1277
1299
1289
1295
1317
1342
1316
1272
1312
1276
1312
1292
1284
1289
1314
1285
1281
1302
1299
1296
1286
1278
1353
1288
1280
1301
1300
1276
1287
1283
1306
1304
1286
1281
1319
1276
1279
1288
1296
1322
1335
1293
1323
1277
1278
1297
1301
1287
1287
1297
1304
1296
1283
1285
1325
1274
1343
1382
1377
1316
1325
1314
1359
1310
1363
1337
1400
1376
1288
1315
1353
1317
1344
1313
1419
1362
1325
1307
1334
1304
1299
1350
1407
1281
1311
1292
1298
1329
1403
1512
1434
1374
1343
1292
1314
1269
1293
1269
1290
1301
1269
1289
1298
1292
1271
1294
1307
1285
1296
1298
1372
1275
1277
1297
1297
1300
1290
1287
1318
1283
1281
1282
1301
1279
1291
1291
1298
1332
1308
1291
1301
1288
1277
1286
1303
1284
1289
1285
1309
1274
1285
1290
1320
1283
1320
1330
1317
1283
1282
1299
1297
1287
1280
1287
1311
1306
1282
1286
1322
1274
1300
1286
1338
1329
1302
1279
1315
1286
1273
1305
1298
1282
1289
1281
1316
1280
1280
1295
1295
1313
1298
1296
1302
1308
1282
1277
1323
1273
1296
1276
1315
1288
1281
1307
1318
1279
1292
1302
1304
1287
1286
1294
1321
1298
1283
1297
1299
1279
1289
1284
1303
1286
1292
1291
1297
1281
1297
1285
1306
1291
1279
1287
1309
1299
1277
1302
1298
1285
1289
1274
1332
1285
1300
1293
1314
1301
1293
1288
1309
1300
1276
1294
1308
1465
1340
1348
1327
1275
1288
1306
1316
1294
1296
1283
1309
1298
1274
1308
1303
1285
1305
1277
1313
1289
1290
1276
1322
1282
1280
1288
1302
1292
1293
1287
1305
1298
1280
1295
1311
1283
1304
1288
1306
1276
1298
1288
1304
1288
1283
1286
1302
1287
1291
1294
1309
1280
1302
1279
1315
1295
1296
1312
1311
1288
1288
1296
1313
1282
1310
1277
1314
1294
1284
1302
1297
1298
1283
1293
1300
1295
1280
1284
1320
1278
1291
1289
1301
1283
1305
1278
1317
1282
1280
1297
1304
1289
1284
1291
1294
1284
1282
1290
1322
1280
1314
1284
1299
1300
1284
1298
1310
1287
1291
1275
1307
1297
1286
1284
1319
1285
1277
1302
1303
1290
1290
1281
1313
1289
1290
1280
1310
1279
1297
1294
1303
1278
1286
1293
1300
1292
1292
1292
1301
1287
1282
1292
1316
1276
1304
1280
1400
1326
1329
1336
1371
1333
1331
1542
7657
11641
14012
12752
11469
10218
8925
7680
6383
5145
3853
2564
1696
1721
1711
1700
1727
1739
1698
1706
1708
1720
1698
1712
1704
1731
1701
1717
1687
1808
1793
1758
1777
1774
1718
1687
1715
1718
1710
1702
1703
1713
1702
1707
1690
1736
1698
1733
1693
1708
1702
1708
1706
1734
1693
1698
1686
1707
1698
1708
1698
1778
1709
1696
1693
1788
1771
1777
1771
1803
1701
1697
1736
1783
1786
1919
1838
1882
1793
1775
1820
1754
1724
1699
1714
1743
1691
1704
1723
1925
1808
1733
1772
1741
1743
1736
1950
1933
2345
2932
1710
2092
3116
1831
1706
1731
1688
1722
1691
1745
1695
1697
1702
1718
1683
1690
1693
1711
1696
1697
1703
1710
1703
1707
1697
1727
1689
1692
1691
1707
1702
1694
1715
1712
1691
1704
1701
1714
1687
1691
1682
1719
1698
1714
1699
1714
1689
1708
1695
1720
1688
1695
1700
1707
1701
1713
1706
1713
1698
1683
1692
1718
1690
1698
1685
1763
1744
1715
1704
1726
1720
1696
1691
1713
1708
1690
1693
1722
1714
1684
2953
2273
1708
1703
1694
1715
1696
1701
1710
1724
1696
1702
1689
1724
1691
1695
1717
1716
1683
1685
1698
1709
1700
1687
1701
1717
1689
1706
1692
1721
1692
1700
1694
1741
1696
1705
1696
1721
1689
1699
1697
1712
1697
1692
1694
1722
1692
1691
1689
1724
1699
1703
1687
1720
1706
1692
1690
1697
1696
1694
1709
1718
1714
1691
1705
1719
1709
1694
1712
1713
1701
1683
1830
1849
1748
1704
1685
1726
3095
2139
1695
1725
1699
1691
1709
1723
1697
1693
1715
1800
1867
1766
1756
1879
1708
1726
1702
1719
1696
1729
1711
1722
1694
1704
1709
1726
1745
1811
1786
1926
1757
1776
1864
1819
1761
1757
1804
1759
1692
1699
1689
1730
1690
1700
1684
1716
1698
1712
1693
1736
1742
1700
1697
1718
1694
1695
1706
1711
1694
1708
1692
1710
1691
1697
1688
1719
1688
1698
1684
1712
1726
1707
1705
1725
1685
1691
1693
1722
1686
1717
1689
2158
2987
1711
1692
1734
1700
1695
1688
1721
1709
1703
1693
1708
1716
1689
1698
1715
1699
1692
1686
1710
1703
1709
1703
1719
1689
1717
1694
1720
1686
1711
1691
1702
1691
1690
1709
1710
1699
1696
1698
1725
1691
1711
1691
1724
1686
1713
1695
1715
1695
1714
1690
1741
1689
1733
1689
1730
1693
1820
1749
1770
1765
1743
1731
1781
1750
1745
1777
2021
1797
1798
1701
1810
1744
1707
1693
1742
1727
1698
1688
1725
1865
1867
1826
1869
1777
2744
2427
1777
2065
1828
1827
1764
1760
1712
1713
1717
1713
1695
1697
1725
1689
1696
1688
1710
1725
1689
1688
1717
1696
1726
1688
1725
1689
1706
1704
1724
1703
1701
1695
1701
1702
1699
1701
1709
2464
2670
1704
1724
1702
1705
1711
1716
1696
1687
1710
1714
1683
1717
1690
1738
1716
1704
1696
1759
1711
1703
1692
1720
1706
1692
1699
1724
1694
1696
1716
1711
1704
1687
1698
1741
1702
1718
1695
1712
1704
1695
1691
1724
1675
1686
3483
2223
1695
1689
1712
1718
1689
1701
1691
1746
1691
1699
1699
1709
1714
1695
1697
1710
1697
1701
1703
1721
1691
1702
1709
1718
1713
1698
1701
1710
1694
1700
1695
1714
1701
1690
1688
1719
1708
1693
1701
1732
1699
1709
3485
2203
1690
1701
1697
1719
1699
1710
1700
1712
1717
1692
1700
1711
1689
1712
1695
1737
1691
1713
1708
1723
1698
1705
1694
1719
1701
1717
1700
1786
1772
1812
1745
1730
1691
1705
1692
1719
1706
1697
1700
1711
1703
1703
3494
2229
1680
1710
1693
1728
1701
1691
1698
1721
1701
1697
1696
1709
1690
1686
1702
1733
1690
1714
1693
1712
1698
1694
1700
1712
1696
1707
1697
1717
1879
1766
1750
1833
1858
1789
1771
1822
1848
1739
1725
1725
1701
3503
2192
1721
1697
1693
1702
1713
1697
1695
1698
1721
1690
1709
1694
1718
1696
1702
1702
1718
1698
1683
1701
1714
1702
1709
1703
1748
1689
1703
1700
1731
1697
1702
1696
1711
1719
1701
1703
1713
1690
1695
1694
1731
1692
1699
1692
1719
1700
1697
1693
1720
1704
1711
1709
1724
1700
1694
1700
1717
1708
1696
1695
1716
1717
1701
1702
1717
1693
1701
1694
1752
1705
1694
1694
1712
1699
1703
1705
1743
1701
1703
1706
1726
1723
1688
1729
1722
1702
1695
1767
1732
1712
1711
1697
1726
1734
1730
1795
1909
1883
1828
1769
1946
1735
1738
1700
1743
1703
1721
1699
1725
1748
1928
1837
1812
1801
1742
1735
1771
1900
1864
1927
1815
1887
1727
1711
1728
1693
1702
1692
1727
1691
1700
1689
1712
1741
1693
1701
1718
1696
1694
1714
1716
1700
1696
1695
1719
1693
1710
1709
1722
1702
1759
1725
1746
1732
1751
1742
1762
1728
1724
1694
1723
1703
1703
1691
1727
1684
1703
1709
1722
1704
1694
1727
1720
1716
1710
1702
1729
1697
1691
1693
1722
1698
1711
1697
1728
1681
1707
1694
1731
1727
1739
1712
1724
1707
1692
1691
1713
1688
1704
1694
1753
1696
1700
1698
1716
1698
1695
1697
1736
1705
1697
1696
1722
1700
1690
1704
1708
1695
1700
1705
1720
1695
1699
1693
1716
1691
1712
1702
1724
1699
1695
1695
1723
1694
1693
1694
1715
1695
1693
1696
1716
1693
1697
1685
1718
1694
1705
1695
1717
1711
1690
1697
1717
3522
2210
1691
1716
1725
1703
1707
1719
1696
1694
1704
1726
1705
1705
1696
1722
1690
1704
1694
1729
1916
1732
1721
1727
1709
1692
1707
1730
1695
1695
1700
1754
1703
1699
1707
1719
1692
1718
1699
1728
1687
1718
1687
1728
3553
2262
1691
1713
1702
1698
1715
1719
1696
1700
1696
1727
1697
1700
1698
1718
1689
1720
1721
1730
1687
1715
1685
1729
1696
1699
1705
1723
1705
1684
1713
1713
1703
1699
1708
1718
1706
1697
1698
1732
1697
1702
1693
3525
2233
1728
1686
1726
1694
1698
1747
1743
1720
1700
1711
1734
1714
1707
1706
1741
1708
1693
1723
1724
1722
1705
1698
1732
1742
1715
1697
1727
1700
1699
1707
1736
1709
1706
1704
1722
1688
1711
1704
1722
1698
1707
1701
1728
3473
2173
1705
1713
1700
1704
1699
1717
1706
1688
1699
1712
1699
1691
1693
1725
1723
1717
1698
1726
1686
1708
1691
1726
1694
1699
1692
1732
1688
1691
1692
1747
1723
1707
1733
1726
1771
1747
1741
1773
1751
1760
1768
1780
1770
3548
2469
1838
1768
1731
1746
1876
1782
1759
1749
1763
1746
1752
1701
1758
1719
1812
1939
1810
1791
1709
1730
1767
1859
1838
1956
1887
1778
1725
1713
1734
1694
1693
1691
1737
1693
1710
1690
1727
1689
1705
3303
2164
1711
1711
1697
1735
1690
1701
1695
1726
1707
1703
1701
1725
1689
1700
1707
1721
1705
1720
1706
1720
1697
1708
1698
1723
1696
1692
1704
1725
1719
1705
1693
1712
1687
1693
1712
1753
1752
1860
3324
2039
1718
1725
1692
1744
1690
1705
1694
1733
1694
1684
1705
1711
1770
1708
1706
1710
1696
1692
1698
1726
1692
1691
1680
1735
1695
1711
1699
1732
1689
1709
1715
1728
1691
1701
1716
1726
1698
1705
1711
1715
1701
1689
3529
2256
1688
1693
1687
1764
1741
1706
1691
1718
1687
1692
1700
1715
1704
1690
1700
1703
1703
1694
1712
1716
1700
1721
1705
1718
1698
1693
1699
1715
1679
1711
1695
1729
1688
1694
1691
1717
1701
1705
1721
2660
2503
1694
1712
1713
1705
1682
1704
1720
1702
1697
1699
1709
1741
1802
1779
1751
1735
1712
1694
1723
1702
1696
1697
1728
1693
1686
1687
1719
1685
1714
1693
1715
1691
1718
1718
1723
1694
1703
1698
1718
1699
1694
1701
1891
3215
1894
1712
1706
1691
1703
1687
1755
1714
1703
1693
1727
1687
1698
1706
1709
1714
1691
1705
1722
1704
1695
1698
1707
1710
1729
1708
1728
1693
1694
1687
1731
1687
1709
1696
1721
1691
1706
1694
1709
1701
2629
2490
1750
1715
1700
1714
1717
1709
1720
1754
1858
1806
1749
1844
1762
1743
1739
1716
1743
1854
1749
1725
1753
1731
1729
1718
1763
1788
1769
1879
1877
1786
1768
1773
1795
1782
1832
1714
1723
1718
1703
1707
1714
1702
1688
1700
1720
1705
1689
1698
1739
1690
1694
1688
1722
1693
1699
1693
1715
1688
1703
1703
1718
1696
1743
1717
1703
1729
1723
1715
1721
1714
1757
1754
1761
1736
1745
1717
1766
1749
1777
1873
1851
1768
1714
1838
1785
1738
1737
1717
1757
1717
1730
1719
1832
1979
1825
1829
1830
1734
1741
1729
1978
1861
2003
1808
1822
1740
1709
1698
1715
1705
1691
1698
1725
1694
1710
1695
1721
1696
1721
1701
1716
1698
1697
1713
1726
1692
1701
1700
1722
1700
1722
1697
1723
1695
1713
1699
1725
1690
1699
1696
1724
1698
1694
1707
1723
1718
1705
1708
1730
1698
1700
1681
1724
1688
1704
1698
1730
1694
1700
1695
1731
1695
1732
1698
1708
1701
1691
1707
1722
1704
1695
1694
1728
1684
1695
1685
1716
1687
1698
1701
1714
1709
1690
1693
1719
1697
1692
1706
1712
1706
1687
1699
1725
1697
1701
1696
1729
1690
1709
1686
1741
1708
1696
1704
1715
1697
1695
1706
1714
1692
1695
1692
1724
1691
1697
1691
1715
1711
1710
1700
1721
1690
1702
1701
1711
1702
1703
1701
1711
1695
1697
1701
1711
1702
1697
1685
1722
1706
1702
1703
1722
1682
1712
1688
1718
1694
1695
1696
1728
1700
1705
1700
1720
1700
1693
1700
1906
1731
1743
1696
1719
1714
1680
1711
1715
1696
1695
1701
1720
1690
1706
1688
1737
1688
1725
1689
1729
1699
1689
1705
1725
1704
1689
1708
1718
1707
1695
1689
1711
1696
1703
1697
1721
1692
1698
1686
1730
1685
1700
1694
1701
1711
1692
1691
1707
1704
1697
1710
1713
1687
1721
1690
1727
1701
1697
1706
1719
1700
1697
1701
1722
1721
1691
1712
1717
1698
1695
1700
1725
1700
1694
1692
1732
1690
1723
1689
1718
1701
1697
1700
1723
1702
1690
1701
1718
1708
1696
1692
1726
1700
1698
1701
1718
1698
1691
1687
1723
1692
1713
1700
1715
1686
1705
1702
1722
1710
1693
1694
1772
1724
1807
1782
1833
1805
1806
1804
1774
1702
1719
1697
1748
1685
1706
1702
1727
1694
1698
1702
1722
1703
1691
1699
1706
1696
1693
1700
1726
1699
1695
1735
1735
1688
1689
1691
1766
1739
1731
1713
1744
1743
1746
1750
1859
1983
1756
1782
1743
1850
1758
1735
1749
1764
1723
1726
1749
1712
1845
1907
1792
1790
1698
1706
1764
1928
1857
1884
1756
1705
1702
1706
1712
1716
1692
1715
1716
1720
1697
1709
1739
1695
1713
1705
1725
1720
1693
1702
1729
1690
1704
1690
1713
1705
1713
1698
1718
1705
1715
1719
1722
1699
1698
1698
1712
1687
1697
1704
1722
1695
1702
1695
1712
1692
1703
1688
1723
1695
1689
1684
1709
1703
1691
1696
1718
1695
1706
1702
1720
1696
1695
1702
1709
1710
1699
1699
1724
1688
1723
1732
1728
1690
1696
1697
1726
1694
1704
1703
1727
1702
1698
1698
1727
1703
1757
1714
1723
1705
1691
1700
1720
1688
1706
1692
1718
1684
1702
1696
1720
1705
1693
1705
1714
1708
1695
1695
1715
1691
1688
1693
1717
1697
1709
1698
1737
1694
1699
1693
1725
1695
1690
1693
1710
1721
1693
1711
1712
1685
1708
1710
1727
1702
1713
1684
1723
1691
1700
1695
1717
1702
1691
1712
1720
1702
1685
1705
1715
1702
1696
1718
1782
1802
1775
1725
1717
1697
1707
1687
1731
1694
1701
1698
1728
1693
1707
1686
1752
1696
1696
1704
1706
1706
1700
1693
1720
1713
1692
1694
1720
1685
1723
1688
1735
1700
1700
1700
1712
1712
1697
1702
1716
1700
1684
1687
1711
1700
1701
1709
1721
1682
1716
1693
1726
1701
1704
1682
1713
1709
1693
1704
1734
1716
1697
1697
1725
1701
1693
1694
1702
1701
1701
1706
1723
1693
1695
1690
1719
1701
1700
1694
1717
1694
1964
7938
12135
16059
17706
19235
20624
20877
19664
18398
17215
15959
14718
13573
12491
12066
13631
14935
16219
17519
18730
19987
21222
21829
20570
19257
17974
16668
15412
14122
12832
11553
10254
8975
7681
6408
5114
3799
2515
1684
1691
1701
1731
1699
1715
1718
1700
1708
1691
1695
1723
1692
1685
1687
1708
1695
1693
1679
1700
1671
1705
1704
1738
1699
1694
1689
1697
1697
1720
1689
1732
1684
1688
1696
1719
1682
1686
1695
1696
1727
1694
1690
1721
1696
1691
1682
1730
1687
1694
1690
1808
1703
1693
1685
1730
1680
1681
1708
1739
1685
1694
1688
1716
1692
1701
1682
1718
1697
1687
1707
1704
1692
1674
1714
1737
1715
1691
1688
1714
4122
6139
7383
8651
9238
8001
6695
5446
4152
2870
1703
1713
1686
1721
1718
1722
1681
1690
1676
1737
1680
1701
1684
1722
1695
1717
1682
1725
1693
1686
1696
1742
1703
1683
1704
1706
1680
1692
1687
1701
1695
1689
1689
1720
1674
1691
1676
1729
1725
1709
1694
1704
1691
1683
1857
1733
1764
1688
1677
1738
1694
1686
1689
1710
1690
1686
1698
1732
1696
1686
1686
1735
1702
1697
1684
1708
1693
1690
1691
1707
1690
1682
1690
1713
1723
1682
1683
1702
1679
1688
1696
1699
1694
1687
1688
1719
1696
1678
1677
1715
1691
1735
1721
1703
1683
1693
1689
1705
1686
1705
1675
1716
1682
1695
1686
1707
1693
1670
1691
1730
1706
1690
1691
1701
1687
1694
1703
1704
1683
1683
1686
1720
1687
1692
1683
1729
1710
1719
1690
1701
1697
1677
1696
1707
1682
1684
1684
1703
1671
1699
1685
1712
1698
1763
1826
2005
1893
1890
1905
1787
1733
1726
1706
1711
1702
1707
1694
1762
1705
1711
1696
1729
1755
1750
1717
1804
1831
1737
1747
1808
1741
1757
1801
1744
1695
1695
1693
1715
1713
1703
1687
1743
1706
1698
1707
1715
1685
1697
1686
1722
1705
1722
1698
1699
1690
1701
1692
1749
1815
1832
1848
1772
1720
1844
1714
1717
1683
1690
1713
1719
1685
1709
1775
1917
1809
1870
1791
1764
1724
1725
1805
1903
1947
1841
1822
1768
1722
1703
1687
1703
1707
1681
1724
1763
1735
1692
1683
1722
1681
1688
1689
1710
1700
1673
1704
1701
1691
1692
1690
1719
1680
1736
1702
1707
1700
1683
1698
1718
1685
1695
1684
1716
1683
1701
1694
1721
1696
1691
1701
1736
1684
1673
1691
1703
1701
1690
1702
1730
1686
1678
1679
1715
1692
1692
1730
1720
1719
1723
1681
1726
1684
1684
1689
1704
1702
1770
1697
1730
1700
1681
1690
1713
1685
1694
1711
1716
1692
1706
1691
1706
1680
1689
1681
1711
1686
1687
1696
1728
1688
1698
1684
1737
1716
1706
1698
1698
1678
1704
1689
1693
1719
1692
1712
1718
1725
1682
1689
1715
1679
1723
1690
1734
1684
1689
1692
1713
1695
1698
1705
1714
1683
1688
1693
1714
1678
1689
1706
1834
1679
1689
1676
1702
1703
1684
1690
1700
1707
1695
1698
1704
1685
1689
1676
1712
1716
1709
1697
1915
1712
1710
1696
1711
1699
1700
1696
1717
1684
1684
1697
1714
1692
1712
1717
1724
1681
1704
1679
1724
1679
1733
1685
1712
1686
1694
1696
1704
1685
1693
1685
1740
1713
1715
1681
1716
1690
1687
1693
1701
1690
1688
1699
1696
1692
1686
1678
1700
1687
1743
1704
1715
1688
1700
1690
1728
1676
1691
1688
1706
1727
1718
1696
1714
1686
1706
1733
1771
1683
1701
1687
1722
1685
1691
1690
1706
1688
1691
1686
1705
1683
1702
1686
1723
1717
1738
1700
1719
1692
1688
1700
1707
1691
1691
1691
1702
1686
3526
2231
1764
1713
1709
1755
1756
1701
1684
1696
1724
1691
1699
1686
1718
1687
1683
1696
1717
1678
1692
1681
1727
1723
1692
1697
1707
1709
1684
1694
1706
1727
1719
1813
1805
1790
1775
1783
1824
1920
1710
1706
1710
1679
1716
1697
1729
1701
1688
1744
1713
1706
1705
1704
2825
2364
1744
1783
1960
1891
1838
1747
1960
1725
1698
1698
1726
1690
1704
1699
1707
1741
1902
1806
1869
1768
1763
1731
1773
1822
1750
1914
1865
1753
1748
1726
1743
1684
1704
1682
1721
1685
1695
1702
1766
1692
1693
1692
1720
3470
2167
1689
1709
1679
1705
1680
1720
1676
1691
1690
1704
1715
1712
1692
1700
1716
1705
1688
1718
1701
1697
1688
1712
1691
1689
1699
1715
1708
1676
1741
1727
1692
1693
1683
1713
1681
1709
1682
1721
1677
1694
1673
1704
3536
2226
1694
1723
1731
1686
1698
1711
1686
1688
1743
1732
1701
1688
1690
1707
1678
1702
1682
1728
1683
1734
1701
1726
1684
1686
1692
1696
1691
1696
1719
1707
1686
1695
1689
1709
1670
1701
1693
1745
1694
1694
1704
1716
1692
3477
2177
1704
1683
1698
1696
1700
1690
1694
1691
1705
1725
1700
1701
1703
1700
1696
1694
1714
1682
1686
1677
1716
1678
1724
1682
1718
1676
1703
1721
1714
1696
1678
1688
1706
1687
1688
1691
1733
1686
1682
1683
3517
2229
1734
1705
1739
1715
1932
1727
1777
1697
1709
1720
1703
1693
1681
1703
1704
1700
1672
1675
1708
1682
1726
1698
1723
1710
1702
1698
1709
1684
1699
1689
1708
1701
1683
1683
1708
1690
1695
1694
1754
1705
1680
1700
1702
3503
2187
1690
1713
1711
1699
1680
1715
1682
1688
1685
1711
1715
1724
1683
1709
1687
1684
1708
1710
1692
1671
1690
1704
1701
1688
1691
1723
1674
1703
1721
1741
1681
1707
1670
1711
1699
1693
1699
1706
1695
1692
1686
1706
1685
1692
1684
1730
3590
2278
1701
1697
1713
1698
1696
1718
1691
1691
1672
1715
1687
1694
1690
1711
1677
1736
1704
1724
1677
1686
1679
1710
1687
1696
1693
1706
1684
1701
1693
1704
1689
1676
1677
1747
1713
1682
1704
1700
1714
1691
1677
3528
2236
1686
1682
1712
1685
1687
1698
1699
1722
1707
1687
1706
1689
1694
1684
1735
1718
1692
1696
1710
1688
1705
1711
1767
1897
1808
1783
1782
1829
1697
1707
1717
1723
1693
1685
1710
1679
1742
1886
1886
1761
1737
3505
2283
1788
1875
1939
1867
1765
1722
1713
1720
1693
1673
1725
1725
1689
1696
1684
1730
1677
1708
1731
1704
1708
1677
1710
1742
1674
1704
1685
1739
1678
1690
1684
1689
1689
1679
1694
1749
1709
1710
1676
3472
2174
1690
1690
1699
1703
1686
1702
1714
1710
1758
1705
1727
1686
1737
1710
1707
1695
1695
1686
1703
1684
1706
1683
1727
1679
1684
1692
1720
1684
1694
1693
1771
1677
1692
1701
1735
1709
1723
1680
1711
1670
1692
1679
1721
1700
1687
1703
1711
1724
1688
1693
1721
1686
1691
1695
1701
1686
1697
1683
1715
1687
1683
1671
1702
1698
1721
1718
1737
1691
1681
1695
1733
1691
1678
1717
1703
1695
1693
1688
1713
1680
1691
1696
1733
1723
1705
1687
1721
1677
1675
1694
1701
1702
1673
1689
1693
1697
1689
1669
1716
1682
1716
1700
1705
1687
1690
1687
1719
1674
1690
1680
1704
1680
1682
1683
1701
1686
1920
1729
1803
1696
1684
1685
1740
1705
1677
1691
1704
1677
1679
1675
1727
1680
1701
1688
1714
1753
1727
1693
1698
1686
1684
1694
1712
1690
1694
1684
1699
1676
1706
1686
1703
1689
1690
1717
1723
1695
1678
1708
1711
1693
1686
1701
1700
1694
1693
1674
1728
1681
1703
1711
1721
1744
1694
1707
1705
1683
1693
1689
1707
1682
1707
1679
1716
1687
1687
1682
1715
1692
1740
1695
1727
1674
1684
1692
1706
1688
1679
1701
1707
1703
1681
1689
1730
1684
1688
1683
1771
1679
1692
1682
1725
1691
1688
1692
1703
1688
1684
1697
1703
1684
1679
1691
1701
1724
1703
1697
1720
1695
1684
1687
1706
1676
1686
1691
1705
1679
1689
1690
1716
1680
1698
1717
1723
1677
1674
1688
1702
1700
1685
3498
2209
1689
1683
1688
1708
1682
1692
1687
1729
1730
1707
1687
1706
1681
1762
1679
1719
1690
1705
1715
1749
1727
1750
1807
1758
1753
1801
1831
1742
1680
1675
1705
1709
1690
1686
1717
1935
1800
1762
1718
1715
1689
1778
2354
3151
1938
1787
1738
1727
1708
1673
1688
1713
1678
1717
1679
1714
1680
1700
1690
1721
1683
1734
1707
1711
1696
1690
1691
1714
1672
1698
1690
1749
1757
1872
1765
1785
1932
1726
1737
1783
1723
1689
1708
1713
3481
2171
1699
1713
1693
1712
1706
1920
1916
1733
1755
1937
1791
1734
1744
1793
1784
1744
1731
1706
1691
1678
1686
1715
1704
1685
1688
1715
1698
1680
1683
1762
1686
1707
1731
1706
1678
1696
1676
1722
1696
1694
1672
1748
1679
1688
1695
1699
1726
1702
3445
2169
1681
1742
1692
1728
1681
1698
1689
1697
1673
1678
1688
1711
1704
1693
1719
1718
1736
1714
1696
1715
1717
1696
1719
1703
1710
1685
1690
1711
1688
1690
1684
1726
1746
1677
1701
1702
1700
1690
1694
1761
3347
2042
1696
1700
1683
1683
1685
1718
1681
1732
1685
1719
1706
1688
1698
1714
1684
1688
1683
1710
1679
1813
1738
1776
1697
1697
1688
1752
1733
1681
1706
1706
1692
1687
1692
1705
1669
1696
1683
1719
2732
2363
1684
1707
1767
1744
1685
1722
1692
1701
1690
1705
1706
1678
1681
1718
1680
1686
1689
1710
1686
1681
1707
1718
1720
1678
1703
1697
1692
1693
1690
1724
1682
1682
1682
1719
1684
1704
1678
1711
1729
3477
2149
1713
1692
1698
1689
1706
1688
1683
1702
1704
1686
1701
1681
1715
1687
1723
1710
1710
1696
1676
1696
1696
1690
1683
1682
1755
1701
1686
1742
1712
1700
1691
1682
1763
1687
1703
1679
1719
1693
1689
1685
3499
2228
1681
1713
1709
1694
1689
1690
1696
1717
1722
1697
1712
1696
1680
1689
1709
1704
1695
1679
1722
1668
1707
1681
1701
1702
1680
1729
1743
1683
1721
1682
1716
1688
1672
1699
1702
1697
1685
1732
1715
1700
3465
2143
1727
1743
1684
1718
1729
1704
1691
1693
1730
1686
1731
1726
1911
1805
1778
1780
1785
1807
1758
1720
1705
1696
1718
1674
1709
1705
1841
1848
1757
1728
1702
1681
1763
1900
1880
1806
1841
1735
1702
1698
1711
1695
3142
2106
1706
1695
1686
1673
1708
1681
1676
1677
1710
1711
1737
1698
1697
1683
1698
1707
1699
1689
1684
1680
1711
1688
1688
1688
1708
1698
1687
1708
1735
1681
1692
1691
1714
1707
1687
1702
1707
1701
1686
1677
1714
1675
1695
3448
2163
1733
1697
1699
1702
1733
1715
1799
1883
1735
1766
1757
1844
1679
1679
1706
1705
1682
1687
1764
1722
1703
1672
1690
1705
1699
1675
1679
1710
1671
1700
1699
1714
1677
1698
1682
1753
1713
1706
1688
1720
1702
1688
1669
1724
1681
1682
1678
1699
1683
1673
1700
1700
1689
1742
1715
1726
1698
1692
1687
1704
1697
1683
1682
1702
1690
1678
1693
1731
1721
1687
1694
1743
1685
1695
1680
1711
1677
1687
1687
1709
1699
1685
1675
1701
1677
1685
1696
1706
1754
1695
1715
1705
1688
1683
1692
1711
1683
1687
1674
1717
1964
1737
1728
1712
1683
1715
1722
1741
1691
1668
1683
1706
1708
1698
1683
1721
1672
1711
1689
1704
1689
1678
1678
1733
1730
1712
1679
1705
1682
1687
1694
1695
1689
1684
1686
1703
1689
1687
1691
1711
1687
1718
1708
1710
1680
1688
1686
1704
1689
1686
1680
1730
1680
1691
1683
1697
1702
1682
1708
1748
1680
1688
1685
1716
1693
1688
1688
1700
1693
1680
1682
1714
1670
1687
1688
1713
1724
1715
1677
1716
1681
1696
1688
1705
1677
1677
1682
1707
1687
1694
1705
1697
1696
1686
1744
1705
1688
1692
1687
1710
1685
1682
1690
1701
1691
1690
1682
1722
1700
1685
1685
1747
1721
1697
1675
1712
1688
1686
1696
1696
1699
1684
1681
1707
1687
1703
1679
1712
1699
1709
1713
1718
1699
1683
1686
1701
1673
1703
1676
1721
1682
1713
1679
1701
1709
1688
1739
1754
1750
1701
1688
1726
1682
1701
1718
1739
1745
1856
1795
1842
1759
2161
